C51 COMPILER V9.60.7.0   MAIN                                                              11/07/2023 00:59:53 PAGE 1   


C51 COMPILER V9.60.7.0, COMPILATION OF MODULE MAIN
OBJECT MODULE PLACED IN .\Objects\main.obj
COMPILER INVOKED BY: D:\Keil_v5\C51\BIN\C51.EXE main.c OPTIMIZE(8,SPEED) BROWSE DEBUG OBJECTEXTEND PRINT(.\Listings\main
                    -.lst) OBJECT(.\Objects\main.obj)

line level    source

   1          #include <REGX52.H>
   2          void Delay(unsigned int xms)            //@12.000MHz
   3          {
   4   1              unsigned char i, j;
   5   1              while(xms--){
   6   2                      i = 2;
   7   2                      j = 239;
   8   2                      do
   9   2                      {
  10   3                              while (--j);
  11   3                      } while (--i);
  12   2              }
  13   1              
  14   1      }
  15          void main(){
  16   1              int A1, A2, A3 = 0,i;
  17   1              while(1){
  18   2                      if(P3_1==0){
  19   3                              Delay(20);
  20   3                              while(!P3_1);
  21   3                              Delay(20);
  22   3                              A3++;
  23   3                              
  24   3                      }
  25   2                      else if(P3_0 == 0){
  26   3                              Delay(20);
  27   3                              while(!P3_0);
  28   3                              Delay(20);
  29   3                              A3--;
  30   3                              if(A3<0)
  31   3                                      A3=0;
  32   3                      }
  33   2                              
  34   2                      A1 = 0xFF;
  35   2                      A2 = 0x01;
  36   2                      for (i = 0; i < A3 % 8; i++) {
  37   3                              A2 = A2 << 1;
  38   3                      }
  39   2                      P2 = A1 ^ A2;
  40   2              }
  41   1      }
  42                  
  43                  


MODULE INFORMATION:   STATIC OVERLAYABLE
   CODE SIZE        =    138    ----
   CONSTANT SIZE    =   ----    ----
   XDATA SIZE       =   ----    ----
   PDATA SIZE       =   ----    ----
   DATA SIZE        =   ----       4
   IDATA SIZE       =   ----    ----
   BIT SIZE         =   ----    ----
END OF MODULE INFORMATION.

C51 COMPILER V9.60.7.0   MAIN                                                              11/07/2023 00:59:53 PAGE 2   


C51 COMPILATION COMPLETE.  0 WARNING(S),  0 ERROR(S)
