21:03:33 **** Clean-only build of configuration Debug for project ELEC5620M-Mini-Project-Group-19 ****
make clean 
clean    ./Sound/Sound.d  ./SevenSegDisplay/SevenSegDisplay.d  ./PrivateTimer/PrivateTimer.d  ./LCDEngine/LCDEngine.d  ./Interrupts/Interrupts.d  ./Image/Pong.d  ./GameEngine/GameEngine.d  ./Drivers/VFP_Enable/VFP_Enable.d  ./Drivers/HPS_usleep/HPS_usleep.d  ./Drivers/HPS_IRQ/HPS_IRQ.d  ./Drivers/HPS_I2C/HPS_I2C.d  ./Drivers/FatFS/hwlib/alt_clock_manager.d ./Drivers/FatFS/hwlib/alt_sdmmc.d  ./Drivers/FatFS/diskio_cyclonev.d ./Drivers/FatFS/ff.d ./Drivers/FatFS/ffsystem.d ./Drivers/FatFS/ffunicode.d  ./Drivers/DE1SoC_WM8731/DE1SoC_WM8731.d  ./Drivers/DE1SoC_Servo/DE1SoC_Servo.d  ./Drivers/DE1SoC_Mandelbrot/DE1SoC_Mandelbrot.d  ./Drivers/DE1SoC_LT24/DE1SoC_LT24.d  ./Drivers/BasicFont/BasicFont.d  ./main.d         ./Sound/Sound.o  ./SevenSegDisplay/SevenSegDisplay.o  ./PrivateTimer/PrivateTimer.o  ./LCDEngine/LCDEngine.o  ./Interrupts/Interrupts.o  ./Image/Pong.o  ./GameEngine/GameEngine.o  ./Drivers/VFP_Enable/VFP_Enable.o  ./Drivers/HPS_usleep/HPS_usleep.o  ./Drivers/HPS_IRQ/HPS_IRQ.o  ./Drivers/HPS_I2C/HPS_I2C.o  ./Drivers/FatFS/hwlib/alt_clock_manager.o ./Drivers/FatFS/hwlib/alt_sdmmc.o  ./Drivers/FatFS/diskio_cyclonev.o ./Drivers/FatFS/ff.o ./Drivers/FatFS/ffsystem.o ./Drivers/FatFS/ffunicode.o  ./Drivers/DE1SoC_WM8731/DE1SoC_WM8731.o  ./Drivers/DE1SoC_Servo/DE1SoC_Servo.o  ./Drivers/DE1SoC_Mandelbrot/DE1SoC_Mandelbrot.o  ./Drivers/DE1SoC_LT24/DE1SoC_LT24.o  ./Drivers/BasicFont/BasicFont.o  ./main.o      Pong.axf 
' '
21:03:35 **** Build of configuration Debug for project ELEC5620M-Mini-Project-Group-19 ****
make all 
'Building file: ../Sound/Sound.c'
'Invoking: Arm C Compiler for Embedded 6'
armclang.exe --target=arm-arm-none-eabi -mcpu=cortex-a9 -mfpu=none -mfloat-abi=soft -marm -I"D:\homeworkandppt\master\FPGA\Repositories\ELEC5620M-Resources\Drivers" -O0 -g -mno-unaligned-access -MD -MP -c -o "Sound/Sound.o" "../Sound/Sound.c"
../Sound/Sound.c:33:31: error: too few arguments to function call, expected 3, have 2
    WM8731_clearFIFO(true,true);
    ~~~~~~~~~~~~~~~~          ^
D:\homeworkandppt\master\FPGA\Repositories\ELEC5620M-Resources\Drivers\DE1SoC_WM8731/DE1SoC_WM8731.h:55:10: note: 'WM8731_clearFIFO' declared here
HpsErr_t WM8731_clearFIFO( PWM8731Ctx_t ctx, bool adc, bool dac);
         ^
../Sound/Sound.c:34:21: error: call to undeclared function 'WM8731_getFIFOSpacePtr'; ISO C99 and later do not support implicit function declarations [-Wimplicit-function-declaration]
    fifospace_ptr = WM8731_getFIFOSpacePtr();
                    ^
../Sound/Sound.c:34:21: note: did you mean 'WM8731_getFIFOSpace'?
D:\homeworkandppt\master\FPGA\Repositories\ELEC5620M-Resources\Drivers\DE1SoC_WM8731/DE1SoC_WM8731.h:58:10: note: 'WM8731_getFIFOSpace' declared here
HpsErr_t WM8731_getFIFOSpace( PWM8731Ctx_t ctx, unsigned int* fifoSpace );
         ^
../Sound/Sound.c:34:19: error: incompatible integer to pointer conversion assigning to 'volatile unsigned char *' from 'int' [-Wint-conversion]
    fifospace_ptr = WM8731_getFIFOSpacePtr();
                  ^ ~~~~~~~~~~~~~~~~~~~~~~~~
../Sound/Sound.c:35:22: error: call to undeclared function 'WM8731_getLeftFIFOPtr'; ISO C99 and later do not support implicit function declarations [-Wimplicit-function-declaration]
    audio_left_ptr = WM8731_getLeftFIFOPtr();
                     ^
../Sound/Sound.c:35:20: error: incompatible integer to pointer conversion assigning to 'volatile unsigned int *' from 'int' [-Wint-conversion]
    audio_left_ptr = WM8731_getLeftFIFOPtr();
                   ^ ~~~~~~~~~~~~~~~~~~~~~~~
../Sound/Sound.c:36:23: error: call to undeclared function 'WM8731_getRightFIFOPtr'; ISO C99 and later do not support implicit function declarations [-Wimplicit-function-declaration]
    audio_right_ptr = WM8731_getRightFIFOPtr();
                      ^
../Sound/Sound.c:36:21: error: incompatible integer to pointer conversion assigning to 'volatile unsigned int *' from 'int' [-Wint-conversion]
    audio_right_ptr = WM8731_getRightFIFOPtr();
                    ^ ~~~~~~~~~~~~~~~~~~~~~~~~
../Sound/Sound.c:82:55: error: too few arguments to function call, expected 3, have 2
    HPS_IRQ_registerHandler(IRQ_TIMER_L4SP_0, timerISR);
    ~~~~~~~~~~~~~~~~~~~~~~~                           ^
D:\homeworkandppt\master\FPGA\Repositories\ELEC5620M-Resources\Drivers\HPS_IRQ/HPS_IRQ.h:171:10: note: 'HPS_IRQ_registerHandler' declared here
HpsErr_t HPS_IRQ_registerHandler(
         ^
8 errors generated.
make: *** [Sound/subdir.mk:20: Sound/Sound.o] Error 1
"make all" terminated with exit code 2. Build might be incomplete.
21:09:18 **** Incremental Build of configuration Debug for project ELEC5620M-Mini-Project-Group-19 ****
make all 
'Building file: ../SevenSegDisplay/SevenSegDisplay.c'
'Invoking: Arm C Compiler for Embedded 6'
armclang.exe --target=arm-arm-none-eabi -mcpu=cortex-a9 -mfpu=none -mfloat-abi=soft -marm -I"D:\homeworkandppt\master\FPGA\Repositories\ELEC5620M-Resources\Drivers" -O0 -g -mno-unaligned-access -MD -MP -c -o "SevenSegDisplay/SevenSegDisplay.o" "../SevenSegDisplay/SevenSegDisplay.c"
'Finished building: ../SevenSegDisplay/SevenSegDisplay.c'
' '
'Building file: ../PrivateTimer/PrivateTimer.c'
'Invoking: Arm C Compiler for Embedded 6'
armclang.exe --target=arm-arm-none-eabi -mcpu=cortex-a9 -mfpu=none -mfloat-abi=soft -marm -I"D:\homeworkandppt\master\FPGA\Repositories\ELEC5620M-Resources\Drivers" -O0 -g -mno-unaligned-access -MD -MP -c -o "PrivateTimer/PrivateTimer.o" "../PrivateTimer/PrivateTimer.c"
'Finished building: ../PrivateTimer/PrivateTimer.c'
' '
'Building file: ../LCDEngine/LCDEngine.c'
'Invoking: Arm C Compiler for Embedded 6'
armclang.exe --target=arm-arm-none-eabi -mcpu=cortex-a9 -mfpu=none -mfloat-abi=soft -marm -I"D:\homeworkandppt\master\FPGA\Repositories\ELEC5620M-Resources\Drivers" -O0 -g -mno-unaligned-access -MD -MP -c -o "LCDEngine/LCDEngine.o" "../LCDEngine/LCDEngine.c"
../LCDEngine/LCDEngine.c:29:67: error: too few arguments to function call, expected 4, have 3
                                        LT24_drawPixel(colour, x+(column*2), character_offset+(row*2));
                                        ~~~~~~~~~~~~~~                                               ^
D:\homeworkandppt\master\FPGA\Repositories\ELEC5620M-Resources\Drivers\DE1SoC_LT24/DE1SoC_LT24.h:96:10: note: 'LT24_drawPixel' declared here
HpsErr_t LT24_drawPixel( PLT24Ctx_t ctx, unsigned short colour, unsigned int x, unsigned int y);
         ^
../LCDEngine/LCDEngine.c:30:69: error: too few arguments to function call, expected 4, have 3
                                        LT24_drawPixel(colour, x+(column*2)+1, character_offset+(row*2));
                                        ~~~~~~~~~~~~~~                                                 ^
D:\homeworkandppt\master\FPGA\Repositories\ELEC5620M-Resources\Drivers\DE1SoC_LT24/DE1SoC_LT24.h:96:10: note: 'LT24_drawPixel' declared here
HpsErr_t LT24_drawPixel( PLT24Ctx_t ctx, unsigned short colour, unsigned int x, unsigned int y);
         ^
../LCDEngine/LCDEngine.c:31:69: error: too few arguments to function call, expected 4, have 3
                                        LT24_drawPixel(colour, x+(column*2), character_offset+(row*2)+1);
                                        ~~~~~~~~~~~~~~                                                 ^
D:\homeworkandppt\master\FPGA\Repositories\ELEC5620M-Resources\Drivers\DE1SoC_LT24/DE1SoC_LT24.h:96:10: note: 'LT24_drawPixel' declared here
HpsErr_t LT24_drawPixel( PLT24Ctx_t ctx, unsigned short colour, unsigned int x, unsigned int y);
         ^
../LCDEngine/LCDEngine.c:32:71: error: too few arguments to function call, expected 4, have 3
                                        LT24_drawPixel(colour, x+(column*2)+1, character_offset+(row*2)+1);
                                        ~~~~~~~~~~~~~~                                                   ^
D:\homeworkandppt\master\FPGA\Repositories\ELEC5620M-Resources\Drivers\DE1SoC_LT24/DE1SoC_LT24.h:96:10: note: 'LT24_drawPixel' declared here
HpsErr_t LT24_drawPixel( PLT24Ctx_t ctx, unsigned short colour, unsigned int x, unsigned int y);
         ^
../LCDEngine/LCDEngine.c:52:31: error: too few arguments to function call, expected 2, have 1
                LT24_clearDisplay(LT24_BLACK);
                ~~~~~~~~~~~~~~~~~           ^
D:\homeworkandppt\master\FPGA\Repositories\ELEC5620M-Resources\Drivers\DE1SoC_LT24/DE1SoC_LT24.h:76:10: note: 'LT24_clearDisplay' declared here
HpsErr_t LT24_clearDisplay( PLT24Ctx_t ctx, unsigned short colour );
         ^
../LCDEngine/LCDEngine.c:88:40: error: too few arguments to function call, expected 4, have 3
            LT24_drawPixel(colour, x, y);
            ~~~~~~~~~~~~~~             ^
D:\homeworkandppt\master\FPGA\Repositories\ELEC5620M-Resources\Drivers\DE1SoC_LT24/DE1SoC_LT24.h:96:10: note: 'LT24_drawPixel' declared here
HpsErr_t LT24_drawPixel( PLT24Ctx_t ctx, unsigned short colour, unsigned int x, unsigned int y);
         ^
../LCDEngine/LCDEngine.c:103:40: error: too few arguments to function call, expected 4, have 3
            LT24_drawPixel(colour, x, y);
            ~~~~~~~~~~~~~~             ^
D:\homeworkandppt\master\FPGA\Repositories\ELEC5620M-Resources\Drivers\DE1SoC_LT24/DE1SoC_LT24.h:96:10: note: 'LT24_drawPixel' declared here
HpsErr_t LT24_drawPixel( PLT24Ctx_t ctx, unsigned short colour, unsigned int x, unsigned int y);
         ^
../LCDEngine/LCDEngine.c:137:51: error: too few arguments to function call, expected 4, have 3
            LT24_drawPixel(colour, x + x0,  y + y0);
            ~~~~~~~~~~~~~~                        ^
D:\homeworkandppt\master\FPGA\Repositories\ELEC5620M-Resources\Drivers\DE1SoC_LT24/DE1SoC_LT24.h:96:10: note: 'LT24_drawPixel' declared here
HpsErr_t LT24_drawPixel( PLT24Ctx_t ctx, unsigned short colour, unsigned int x, unsigned int y);
         ^
../LCDEngine/LCDEngine.c:138:51: error: too few arguments to function call, expected 4, have 3
            LT24_drawPixel(colour,-x + x0,  y + y0);
            ~~~~~~~~~~~~~~                        ^
D:\homeworkandppt\master\FPGA\Repositories\ELEC5620M-Resources\Drivers\DE1SoC_LT24/DE1SoC_LT24.h:96:10: note: 'LT24_drawPixel' declared here
HpsErr_t LT24_drawPixel( PLT24Ctx_t ctx, unsigned short colour, unsigned int x, unsigned int y);
         ^
../LCDEngine/LCDEngine.c:139:51: error: too few arguments to function call, expected 4, have 3
            LT24_drawPixel(colour, y + x0,  x + y0);
            ~~~~~~~~~~~~~~                        ^
D:\homeworkandppt\master\FPGA\Repositories\ELEC5620M-Resources\Drivers\DE1SoC_LT24/DE1SoC_LT24.h:96:10: note: 'LT24_drawPixel' declared here
HpsErr_t LT24_drawPixel( PLT24Ctx_t ctx, unsigned short colour, unsigned int x, unsigned int y);
         ^
../LCDEngine/LCDEngine.c:140:51: error: too few arguments to function call, expected 4, have 3
            LT24_drawPixel(colour,-y + x0,  x + y0);
            ~~~~~~~~~~~~~~                        ^
D:\homeworkandppt\master\FPGA\Repositories\ELEC5620M-Resources\Drivers\DE1SoC_LT24/DE1SoC_LT24.h:96:10: note: 'LT24_drawPixel' declared here
HpsErr_t LT24_drawPixel( PLT24Ctx_t ctx, unsigned short colour, unsigned int x, unsigned int y);
         ^
../LCDEngine/LCDEngine.c:141:51: error: too few arguments to function call, expected 4, have 3
            LT24_drawPixel(colour,-y + x0, -x + y0);
            ~~~~~~~~~~~~~~                        ^
D:\homeworkandppt\master\FPGA\Repositories\ELEC5620M-Resources\Drivers\DE1SoC_LT24/DE1SoC_LT24.h:96:10: note: 'LT24_drawPixel' declared here
HpsErr_t LT24_drawPixel( PLT24Ctx_t ctx, unsigned short colour, unsigned int x, unsigned int y);
         ^
../LCDEngine/LCDEngine.c:142:51: error: too few arguments to function call, expected 4, have 3
            LT24_drawPixel(colour, y + x0, -x + y0);
            ~~~~~~~~~~~~~~                        ^
D:\homeworkandppt\master\FPGA\Repositories\ELEC5620M-Resources\Drivers\DE1SoC_LT24/DE1SoC_LT24.h:96:10: note: 'LT24_drawPixel' declared here
HpsErr_t LT24_drawPixel( PLT24Ctx_t ctx, unsigned short colour, unsigned int x, unsigned int y);
         ^
../LCDEngine/LCDEngine.c:143:51: error: too few arguments to function call, expected 4, have 3
            LT24_drawPixel(colour, x + x0, -y + y0);
            ~~~~~~~~~~~~~~                        ^
D:\homeworkandppt\master\FPGA\Repositories\ELEC5620M-Resources\Drivers\DE1SoC_LT24/DE1SoC_LT24.h:96:10: note: 'LT24_drawPixel' declared here
HpsErr_t LT24_drawPixel( PLT24Ctx_t ctx, unsigned short colour, unsigned int x, unsigned int y);
         ^
../LCDEngine/LCDEngine.c:144:51: error: too few arguments to function call, expected 4, have 3
            LT24_drawPixel(colour,-x + x0, -y + y0);
            ~~~~~~~~~~~~~~                        ^
D:\homeworkandppt\master\FPGA\Repositories\ELEC5620M-Resources\Drivers\DE1SoC_LT24/DE1SoC_LT24.h:96:10: note: 'LT24_drawPixel' declared here
HpsErr_t LT24_drawPixel( PLT24Ctx_t ctx, unsigned short colour, unsigned int x, unsigned int y);
         ^
15 errors generated.
make: *** [LCDEngine/subdir.mk:20: LCDEngine/LCDEngine.o] Error 1
"make all" terminated with exit code 2. Build might be incomplete.
21:12:40 **** Incremental Build of configuration Debug for project ELEC5620M-Mini-Project-Group-19 ****
make all 
'Building file: ../LCDGame/gameProcess/GameProcess.c'
'Invoking: Arm C Compiler for Embedded 6'
armclang.exe --target=arm-arm-none-eabi -mcpu=cortex-a9 -mfpu=none -mfloat-abi=soft -marm -I"D:\homeworkandppt\master\FPGA\Repositories\ELEC5620M-Resources\Drivers" -O0 -g -mno-unaligned-access -MD -MP -c -o "LCDGame/gameProcess/GameProcess.o" "../LCDGame/gameProcess/GameProcess.c"
'Finished building: ../LCDGame/gameProcess/GameProcess.c'
' '
'Building file: ../LCDGame/framebuffer/framebuffer.c'
'Invoking: Arm C Compiler for Embedded 6'
armclang.exe --target=arm-arm-none-eabi -mcpu=cortex-a9 -mfpu=none -mfloat-abi=soft -marm -I"D:\homeworkandppt\master\FPGA\Repositories\ELEC5620M-Resources\Drivers" -O0 -g -mno-unaligned-access -MD -MP -c -o "LCDGame/framebuffer/framebuffer.o" "../LCDGame/framebuffer/framebuffer.c"
../LCDGame/framebuffer/framebuffer.c:11:10: warning: non-portable path to file '"framebuffer.h"'; specified path differs in case from file name on disk [-Wnonportable-include-path]
#include "FrameBuffer.h"
         ^~~~~~~~~~~~~~~
         "framebuffer.h"
../LCDGame/framebuffer/framebuffer.c:93:3: warning: 'strncpy' size argument is too large; destination buffer has size 5, but size argument is 6 [-Wfortify-source]
         strncpy(start,"start",6);
         ^
2 warnings generated.
'Finished building: ../LCDGame/framebuffer/framebuffer.c'
' '
'Building file: ../LCDGame/SevenSeg/SevenSeg.c'
'Invoking: Arm C Compiler for Embedded 6'
armclang.exe --target=arm-arm-none-eabi -mcpu=cortex-a9 -mfpu=none -mfloat-abi=soft -marm -I"D:\homeworkandppt\master\FPGA\Repositories\ELEC5620M-Resources\Drivers" -O0 -g -mno-unaligned-access -MD -MP -c -o "LCDGame/SevenSeg/SevenSeg.o" "../LCDGame/SevenSeg/SevenSeg.c"
'Finished building: ../LCDGame/SevenSeg/SevenSeg.c'
' '
'Building file: ../LCDGame/Bitmap/bg1.c'
'Invoking: Arm C Compiler for Embedded 6'
armclang.exe --target=arm-arm-none-eabi -mcpu=cortex-a9 -mfpu=none -mfloat-abi=soft -marm -I"D:\homeworkandppt\master\FPGA\Repositories\ELEC5620M-Resources\Drivers" -O0 -g -mno-unaligned-access -MD -MP -c -o "LCDGame/Bitmap/bg1.o" "../LCDGame/Bitmap/bg1.c"
'Finished building: ../LCDGame/Bitmap/bg1.c'
' '
'Building file: ../LCDGame/Bitmap/bg2.c'
'Invoking: Arm C Compiler for Embedded 6'
armclang.exe --target=arm-arm-none-eabi -mcpu=cortex-a9 -mfpu=none -mfloat-abi=soft -marm -I"D:\homeworkandppt\master\FPGA\Repositories\ELEC5620M-Resources\Drivers" -O0 -g -mno-unaligned-access -MD -MP -c -o "LCDGame/Bitmap/bg2.o" "../LCDGame/Bitmap/bg2.c"
'Finished building: ../LCDGame/Bitmap/bg2.c'
' '
'Building file: ../LCDGame/Bitmap/bg3.c'
'Invoking: Arm C Compiler for Embedded 6'
armclang.exe --target=arm-arm-none-eabi -mcpu=cortex-a9 -mfpu=none -mfloat-abi=soft -marm -I"D:\homeworkandppt\master\FPGA\Repositories\ELEC5620M-Resources\Drivers" -O0 -g -mno-unaligned-access -MD -MP -c -o "LCDGame/Bitmap/bg3.o" "../LCDGame/Bitmap/bg3.c"
'Finished building: ../LCDGame/Bitmap/bg3.c'
' '
'Building file: ../LCDGame/Bitmap/bg4.c'
'Invoking: Arm C Compiler for Embedded 6'
armclang.exe --target=arm-arm-none-eabi -mcpu=cortex-a9 -mfpu=none -mfloat-abi=soft -marm -I"D:\homeworkandppt\master\FPGA\Repositories\ELEC5620M-Resources\Drivers" -O0 -g -mno-unaligned-access -MD -MP -c -o "LCDGame/Bitmap/bg4.o" "../LCDGame/Bitmap/bg4.c"
'Finished building: ../LCDGame/Bitmap/bg4.c'
' '
'Building file: ../LCDGame/Bitmap/blast1.c'
'Invoking: Arm C Compiler for Embedded 6'
armclang.exe --target=arm-arm-none-eabi -mcpu=cortex-a9 -mfpu=none -mfloat-abi=soft -marm -I"D:\homeworkandppt\master\FPGA\Repositories\ELEC5620M-Resources\Drivers" -O0 -g -mno-unaligned-access -MD -MP -c -o "LCDGame/Bitmap/blast1.o" "../LCDGame/Bitmap/blast1.c"
'Finished building: ../LCDGame/Bitmap/blast1.c'
' '
'Building file: ../LCDGame/Bitmap/blast2.c'
'Invoking: Arm C Compiler for Embedded 6'
armclang.exe --target=arm-arm-none-eabi -mcpu=cortex-a9 -mfpu=none -mfloat-abi=soft -marm -I"D:\homeworkandppt\master\FPGA\Repositories\ELEC5620M-Resources\Drivers" -O0 -g -mno-unaligned-access -MD -MP -c -o "LCDGame/Bitmap/blast2.o" "../LCDGame/Bitmap/blast2.c"
'Finished building: ../LCDGame/Bitmap/blast2.c'
' '
'Building file: ../LCDGame/Bitmap/blast3.c'
'Invoking: Arm C Compiler for Embedded 6'
armclang.exe --target=arm-arm-none-eabi -mcpu=cortex-a9 -mfpu=none -mfloat-abi=soft -marm -I"D:\homeworkandppt\master\FPGA\Repositories\ELEC5620M-Resources\Drivers" -O0 -g -mno-unaligned-access -MD -MP -c -o "LCDGame/Bitmap/blast3.o" "../LCDGame/Bitmap/blast3.c"
'Finished building: ../LCDGame/Bitmap/blast3.c'
' '
'Building file: ../LCDGame/Bitmap/blast4.c'
'Invoking: Arm C Compiler for Embedded 6'
armclang.exe --target=arm-arm-none-eabi -mcpu=cortex-a9 -mfpu=none -mfloat-abi=soft -marm -I"D:\homeworkandppt\master\FPGA\Repositories\ELEC5620M-Resources\Drivers" -O0 -g -mno-unaligned-access -MD -MP -c -o "LCDGame/Bitmap/blast4.o" "../LCDGame/Bitmap/blast4.c"
'Finished building: ../LCDGame/Bitmap/blast4.c'
' '
'Building file: ../LCDGame/Bitmap/blast5.c'
'Invoking: Arm C Compiler for Embedded 6'
armclang.exe --target=arm-arm-none-eabi -mcpu=cortex-a9 -mfpu=none -mfloat-abi=soft -marm -I"D:\homeworkandppt\master\FPGA\Repositories\ELEC5620M-Resources\Drivers" -O0 -g -mno-unaligned-access -MD -MP -c -o "LCDGame/Bitmap/blast5.o" "../LCDGame/Bitmap/blast5.c"
'Finished building: ../LCDGame/Bitmap/blast5.c'
' '
'Building file: ../LCDGame/Bitmap/bombshoot.c'
'Invoking: Arm C Compiler for Embedded 6'
armclang.exe --target=arm-arm-none-eabi -mcpu=cortex-a9 -mfpu=none -mfloat-abi=soft -marm -I"D:\homeworkandppt\master\FPGA\Repositories\ELEC5620M-Resources\Drivers" -O0 -g -mno-unaligned-access -MD -MP -c -o "LCDGame/Bitmap/bombshoot.o" "../LCDGame/Bitmap/bombshoot.c"
'Finished building: ../LCDGame/Bitmap/bombshoot.c'
' '
'Building file: ../LCDGame/Bitmap/enemyfly.c'
'Invoking: Arm C Compiler for Embedded 6'
armclang.exe --target=arm-arm-none-eabi -mcpu=cortex-a9 -mfpu=none -mfloat-abi=soft -marm -I"D:\homeworkandppt\master\FPGA\Repositories\ELEC5620M-Resources\Drivers" -O0 -g -mno-unaligned-access -MD -MP -c -o "LCDGame/Bitmap/enemyfly.o" "../LCDGame/Bitmap/enemyfly.c"
'Finished building: ../LCDGame/Bitmap/enemyfly.c'
' '
'Building file: ../LCDGame/Bitmap/gameover.c'
'Invoking: Arm C Compiler for Embedded 6'
armclang.exe --target=arm-arm-none-eabi -mcpu=cortex-a9 -mfpu=none -mfloat-abi=soft -marm -I"D:\homeworkandppt\master\FPGA\Repositories\ELEC5620M-Resources\Drivers" -O0 -g -mno-unaligned-access -MD -MP -c -o "LCDGame/Bitmap/gameover.o" "../LCDGame/Bitmap/gameover.c"
'Finished building: ../LCDGame/Bitmap/gameover.c'
' '
'Building file: ../LCDGame/Bitmap/intro.c'
'Invoking: Arm C Compiler for Embedded 6'
armclang.exe --target=arm-arm-none-eabi -mcpu=cortex-a9 -mfpu=none -mfloat-abi=soft -marm -I"D:\homeworkandppt\master\FPGA\Repositories\ELEC5620M-Resources\Drivers" -O0 -g -mno-unaligned-access -MD -MP -c -o "LCDGame/Bitmap/intro.o" "../LCDGame/Bitmap/intro.c"
'Finished building: ../LCDGame/Bitmap/intro.c'
' '
'Building file: ../LCDGame/Bitmap/planefront.c'
'Invoking: Arm C Compiler for Embedded 6'
armclang.exe --target=arm-arm-none-eabi -mcpu=cortex-a9 -mfpu=none -mfloat-abi=soft -marm -I"D:\homeworkandppt\master\FPGA\Repositories\ELEC5620M-Resources\Drivers" -O0 -g -mno-unaligned-access -MD -MP -c -o "LCDGame/Bitmap/planefront.o" "../LCDGame/Bitmap/planefront.c"
'Finished building: ../LCDGame/Bitmap/planefront.c'
' '
'Building file: ../LCDGame/Bitmap/planestatic.c'
'Invoking: Arm C Compiler for Embedded 6'
armclang.exe --target=arm-arm-none-eabi -mcpu=cortex-a9 -mfpu=none -mfloat-abi=soft -marm -I"D:\homeworkandppt\master\FPGA\Repositories\ELEC5620M-Resources\Drivers" -O0 -g -mno-unaligned-access -MD -MP -c -o "LCDGame/Bitmap/planestatic.o" "../LCDGame/Bitmap/planestatic.c"
'Finished building: ../LCDGame/Bitmap/planestatic.c'
' '
'Building file: ../LCDGame/main.c'
'Invoking: Arm C Compiler for Embedded 6'
armclang.exe --target=arm-arm-none-eabi -mcpu=cortex-a9 -mfpu=none -mfloat-abi=soft -marm -I"D:\homeworkandppt\master\FPGA\Repositories\ELEC5620M-Resources\Drivers" -O0 -g -mno-unaligned-access -MD -MP -c -o "LCDGame/main.o" "../LCDGame/main.c"
../LCDGame/main.c:101:40: error: too few arguments to function call, expected 3, have 2
        LT24_initialise(0xFF200060, 0xFF200080);
        ~~~~~~~~~~~~~~~                       ^
D:\homeworkandppt\master\FPGA\Repositories\ELEC5620M-Resources\Drivers\DE1SoC_LT24/DE1SoC_LT24.h:60:10: note: 'LT24_initialise' declared here
HpsErr_t LT24_initialise( void* cntrlBase, void* dataBase, PLT24Ctx_t* pCtx );
         ^
../LCDGame/main.c:117:53: error: too few arguments to function call, expected 6, have 5
                                LT24_copyFrameBuffer(frameBuffer, 0, 0, 240, 320);
                                ~~~~~~~~~~~~~~~~~~~~                            ^
D:\homeworkandppt\master\FPGA\Repositories\ELEC5620M-Resources\Drivers\DE1SoC_LT24/DE1SoC_LT24.h:91:10: note: 'LT24_copyFrameBuffer' declared here
HpsErr_t LT24_copyFrameBuffer( PLT24Ctx_t ctx, const unsigned short* framebuffer,
         ^
../LCDGame/main.c:225:53: error: too few arguments to function call, expected 6, have 5
                                LT24_copyFrameBuffer(frameBuffer, 0, 0, 240, 320);
                                ~~~~~~~~~~~~~~~~~~~~                            ^
D:\homeworkandppt\master\FPGA\Repositories\ELEC5620M-Resources\Drivers\DE1SoC_LT24/DE1SoC_LT24.h:91:10: note: 'LT24_copyFrameBuffer' declared here
HpsErr_t LT24_copyFrameBuffer( PLT24Ctx_t ctx, const unsigned short* framebuffer,
         ^
../LCDGame/main.c:239:53: error: too few arguments to function call, expected 6, have 5
                                LT24_copyFrameBuffer(frameBuffer, 0, 0, 240, 320);
                                ~~~~~~~~~~~~~~~~~~~~                            ^
D:\homeworkandppt\master\FPGA\Repositories\ELEC5620M-Resources\Drivers\DE1SoC_LT24/DE1SoC_LT24.h:91:10: note: 'LT24_copyFrameBuffer' declared here
HpsErr_t LT24_copyFrameBuffer( PLT24Ctx_t ctx, const unsigned short* framebuffer,
         ^
4 errors generated.
make: *** [LCDGame/subdir.mk:20: LCDGame/main.o] Error 1
"make all" terminated with exit code 2. Build might be incomplete.
21:37:11 **** Incremental Build of configuration Debug for project ELEC5620M-Mini-Project-Group-19 ****
make all 
'Building file: ../LCDGame/main.c'
'Invoking: Arm C Compiler for Embedded 6'
armclang.exe --target=arm-arm-none-eabi -mcpu=cortex-a9 -mfpu=none -mfloat-abi=soft -marm -I"D:\homeworkandppt\master\FPGA\Repositories\ELEC5620M-Resources\Drivers" -O0 -g -mno-unaligned-access -MD -MP -c -o "LCDGame/main.o" "../LCDGame/main.c"
../LCDGame/main.c:101:18: error: incompatible integer to pointer conversion passing 'unsigned int' to parameter of type 'void *' [-Wint-conversion]
        LT24_initialise(0xFF200060, 0xFF200080,&lt24);
                        ^~~~~~~~~~
D:\homeworkandppt\master\FPGA\Repositories\ELEC5620M-Resources\Drivers\DE1SoC_LT24/DE1SoC_LT24.h:60:33: note: passing argument to parameter 'cntrlBase' here
HpsErr_t LT24_initialise( void* cntrlBase, void* dataBase, PLT24Ctx_t* pCtx );
                                ^
../LCDGame/main.c:101:30: error: incompatible integer to pointer conversion passing 'unsigned int' to parameter of type 'void *' [-Wint-conversion]
        LT24_initialise(0xFF200060, 0xFF200080,&lt24);
                                    ^~~~~~~~~~
D:\homeworkandppt\master\FPGA\Repositories\ELEC5620M-Resources\Drivers\DE1SoC_LT24/DE1SoC_LT24.h:60:50: note: passing argument to parameter 'dataBase' here
HpsErr_t LT24_initialise( void* cntrlBase, void* dataBase, PLT24Ctx_t* pCtx );
                                                 ^
../LCDGame/main.c:117:26: warning: incompatible pointer types passing 'PLT24Ctx_t *' (aka 'LT24Ctx_t **') to parameter of type 'PLT24Ctx_t' (aka 'LT24Ctx_t *'); remove & [-Wincompatible-pointer-types]
                                LT24_copyFrameBuffer(&lt24,frameBuffer, 0, 0, 240, 320);
                                                     ^~~~~
D:\homeworkandppt\master\FPGA\Repositories\ELEC5620M-Resources\Drivers\DE1SoC_LT24/DE1SoC_LT24.h:91:43: note: passing argument to parameter 'ctx' here
HpsErr_t LT24_copyFrameBuffer( PLT24Ctx_t ctx, const unsigned short* framebuffer,
                                          ^
../LCDGame/main.c:225:26: warning: incompatible pointer types passing 'PLT24Ctx_t *' (aka 'LT24Ctx_t **') to parameter of type 'PLT24Ctx_t' (aka 'LT24Ctx_t *'); remove & [-Wincompatible-pointer-types]
                                LT24_copyFrameBuffer(&lt24,frameBuffer, 0, 0, 240, 320);
                                                     ^~~~~
D:\homeworkandppt\master\FPGA\Repositories\ELEC5620M-Resources\Drivers\DE1SoC_LT24/DE1SoC_LT24.h:91:43: note: passing argument to parameter 'ctx' here
HpsErr_t LT24_copyFrameBuffer( PLT24Ctx_t ctx, const unsigned short* framebuffer,
                                          ^
../LCDGame/main.c:239:26: warning: incompatible pointer types passing 'PLT24Ctx_t *' (aka 'LT24Ctx_t **') to parameter of type 'PLT24Ctx_t' (aka 'LT24Ctx_t *'); remove & [-Wincompatible-pointer-types]
                                LT24_copyFrameBuffer(&lt24,frameBuffer, 0, 0, 240, 320);
                                                     ^~~~~
D:\homeworkandppt\master\FPGA\Repositories\ELEC5620M-Resources\Drivers\DE1SoC_LT24/DE1SoC_LT24.h:91:43: note: passing argument to parameter 'ctx' here
HpsErr_t LT24_copyFrameBuffer( PLT24Ctx_t ctx, const unsigned short* framebuffer,
                                          ^
3 warnings and 2 errors generated.
make: *** [LCDGame/subdir.mk:20: LCDGame/main.o] Error 1
"make all" terminated with exit code 2. Build might be incomplete.
21:39:34 **** Incremental Build of configuration Debug for project ELEC5620M-Mini-Project-Group-19 ****
make all 
'Building file: ../LCDGame/main.c'
'Invoking: Arm C Compiler for Embedded 6'
armclang.exe --target=arm-arm-none-eabi -mcpu=cortex-a9 -mfpu=none -mfloat-abi=soft -marm -I"D:\homeworkandppt\master\FPGA\Repositories\ELEC5620M-Resources\Drivers" -O0 -g -mno-unaligned-access -MD -MP -c -o "LCDGame/main.o" "../LCDGame/main.c"
../LCDGame/main.c:101:18: error: cannot take the address of an rvalue of type 'unsigned int'
        LT24_initialise(&0xFF200060, 0xFF200080,&lt24);
                        ^~~~~~~~~~~
../LCDGame/main.c:117:26: warning: incompatible pointer types passing 'PLT24Ctx_t *' (aka 'LT24Ctx_t **') to parameter of type 'PLT24Ctx_t' (aka 'LT24Ctx_t *'); remove & [-Wincompatible-pointer-types]
                                LT24_copyFrameBuffer(&lt24,frameBuffer, 0, 0, 240, 320);
                                                     ^~~~~
D:\homeworkandppt\master\FPGA\Repositories\ELEC5620M-Resources\Drivers\DE1SoC_LT24/DE1SoC_LT24.h:91:43: note: passing argument to parameter 'ctx' here
HpsErr_t LT24_copyFrameBuffer( PLT24Ctx_t ctx, const unsigned short* framebuffer,
                                          ^
../LCDGame/main.c:225:26: warning: incompatible pointer types passing 'PLT24Ctx_t *' (aka 'LT24Ctx_t **') to parameter of type 'PLT24Ctx_t' (aka 'LT24Ctx_t *'); remove & [-Wincompatible-pointer-types]
                                LT24_copyFrameBuffer(&lt24,frameBuffer, 0, 0, 240, 320);
                                                     ^~~~~
D:\homeworkandppt\master\FPGA\Repositories\ELEC5620M-Resources\Drivers\DE1SoC_LT24/DE1SoC_LT24.h:91:43: note: passing argument to parameter 'ctx' here
HpsErr_t LT24_copyFrameBuffer( PLT24Ctx_t ctx, const unsigned short* framebuffer,
                                          ^
../LCDGame/main.c:239:26: warning: incompatible pointer types passing 'PLT24Ctx_t *' (aka 'LT24Ctx_t **') to parameter of type 'PLT24Ctx_t' (aka 'LT24Ctx_t *'); remove & [-Wincompatible-pointer-types]
                                LT24_copyFrameBuffer(&lt24,frameBuffer, 0, 0, 240, 320);
                                                     ^~~~~
D:\homeworkandppt\master\FPGA\Repositories\ELEC5620M-Resources\Drivers\DE1SoC_LT24/DE1SoC_LT24.h:91:43: note: passing argument to parameter 'ctx' here
HpsErr_t LT24_copyFrameBuffer( PLT24Ctx_t ctx, const unsigned short* framebuffer,
                                          ^
3 warnings and 1 error generated.
make: *** [LCDGame/subdir.mk:20: LCDGame/main.o] Error 1
"make all" terminated with exit code 2. Build might be incomplete.
21:42:42 **** Incremental Build of configuration Debug for project ELEC5620M-Mini-Project-Group-19 ****
make all 
'Building file: ../LCDGame/main.c'
'Invoking: Arm C Compiler for Embedded 6'
armclang.exe --target=arm-arm-none-eabi -mcpu=cortex-a9 -mfpu=none -mfloat-abi=soft -marm -I"D:\homeworkandppt\master\FPGA\Repositories\ELEC5620M-Resources\Drivers" -O0 -g -mno-unaligned-access -MD -MP -c -o "LCDGame/main.o" "../LCDGame/main.c"
../LCDGame/main.c:101:18: error: use of undeclared identifier 'LSC_BASE_GPIO_JP1'
        LT24_initialise(LSC_BASE_GPIO_JP1, 0xFF200080,&lt24);
                        ^
../LCDGame/main.c:117:26: warning: incompatible pointer types passing 'PLT24Ctx_t *' (aka 'LT24Ctx_t **') to parameter of type 'PLT24Ctx_t' (aka 'LT24Ctx_t *'); remove & [-Wincompatible-pointer-types]
                                LT24_copyFrameBuffer(&lt24,frameBuffer, 0, 0, 240, 320);
                                                     ^~~~~
D:\homeworkandppt\master\FPGA\Repositories\ELEC5620M-Resources\Drivers\DE1SoC_LT24/DE1SoC_LT24.h:91:43: note: passing argument to parameter 'ctx' here
HpsErr_t LT24_copyFrameBuffer( PLT24Ctx_t ctx, const unsigned short* framebuffer,
                                          ^
../LCDGame/main.c:225:26: warning: incompatible pointer types passing 'PLT24Ctx_t *' (aka 'LT24Ctx_t **') to parameter of type 'PLT24Ctx_t' (aka 'LT24Ctx_t *'); remove & [-Wincompatible-pointer-types]
                                LT24_copyFrameBuffer(&lt24,frameBuffer, 0, 0, 240, 320);
                                                     ^~~~~
D:\homeworkandppt\master\FPGA\Repositories\ELEC5620M-Resources\Drivers\DE1SoC_LT24/DE1SoC_LT24.h:91:43: note: passing argument to parameter 'ctx' here
HpsErr_t LT24_copyFrameBuffer( PLT24Ctx_t ctx, const unsigned short* framebuffer,
                                          ^
../LCDGame/main.c:239:26: warning: incompatible pointer types passing 'PLT24Ctx_t *' (aka 'LT24Ctx_t **') to parameter of type 'PLT24Ctx_t' (aka 'LT24Ctx_t *'); remove & [-Wincompatible-pointer-types]
                                LT24_copyFrameBuffer(&lt24,frameBuffer, 0, 0, 240, 320);
                                                     ^~~~~
D:\homeworkandppt\master\FPGA\Repositories\ELEC5620M-Resources\Drivers\DE1SoC_LT24/DE1SoC_LT24.h:91:43: note: passing argument to parameter 'ctx' here
HpsErr_t LT24_copyFrameBuffer( PLT24Ctx_t ctx, const unsigned short* framebuffer,
                                          ^
3 warnings and 1 error generated.
make: *** [LCDGame/subdir.mk:20: LCDGame/main.o] Error 1
"make all" terminated with exit code 2. Build might be incomplete.
21:43:34 **** Incremental Build of configuration Debug for project ELEC5620M-Mini-Project-Group-19 ****
make all 
'Building file: ../LCDGame/main.c'
'Invoking: Arm C Compiler for Embedded 6'
armclang.exe --target=arm-arm-none-eabi -mcpu=cortex-a9 -mfpu=none -mfloat-abi=soft -marm -I"D:\homeworkandppt\master\FPGA\Repositories\ELEC5620M-Resources\Drivers" -O0 -g -mno-unaligned-access -MD -MP -c -o "LCDGame/main.o" "../LCDGame/main.c"
../LCDGame/main.c:102:37: error: incompatible integer to pointer conversion passing 'unsigned int' to parameter of type 'void *' [-Wint-conversion]
        LT24_initialise(LSC_BASE_GPIO_JP1, 0xFF200080,&lt24);
                                           ^~~~~~~~~~
D:\homeworkandppt\master\FPGA\Repositories\ELEC5620M-Resources\Drivers\DE1SoC_LT24/DE1SoC_LT24.h:60:50: note: passing argument to parameter 'dataBase' here
HpsErr_t LT24_initialise( void* cntrlBase, void* dataBase, PLT24Ctx_t* pCtx );
                                                 ^
../LCDGame/main.c:118:26: warning: incompatible pointer types passing 'PLT24Ctx_t *' (aka 'LT24Ctx_t **') to parameter of type 'PLT24Ctx_t' (aka 'LT24Ctx_t *'); remove & [-Wincompatible-pointer-types]
                                LT24_copyFrameBuffer(&lt24,frameBuffer, 0, 0, 240, 320);
                                                     ^~~~~
D:\homeworkandppt\master\FPGA\Repositories\ELEC5620M-Resources\Drivers\DE1SoC_LT24/DE1SoC_LT24.h:91:43: note: passing argument to parameter 'ctx' here
HpsErr_t LT24_copyFrameBuffer( PLT24Ctx_t ctx, const unsigned short* framebuffer,
                                          ^
../LCDGame/main.c:226:26: warning: incompatible pointer types passing 'PLT24Ctx_t *' (aka 'LT24Ctx_t **') to parameter of type 'PLT24Ctx_t' (aka 'LT24Ctx_t *'); remove & [-Wincompatible-pointer-types]
                                LT24_copyFrameBuffer(&lt24,frameBuffer, 0, 0, 240, 320);
                                                     ^~~~~
D:\homeworkandppt\master\FPGA\Repositories\ELEC5620M-Resources\Drivers\DE1SoC_LT24/DE1SoC_LT24.h:91:43: note: passing argument to parameter 'ctx' here
HpsErr_t LT24_copyFrameBuffer( PLT24Ctx_t ctx, const unsigned short* framebuffer,
                                          ^
../LCDGame/main.c:240:26: warning: incompatible pointer types passing 'PLT24Ctx_t *' (aka 'LT24Ctx_t **') to parameter of type 'PLT24Ctx_t' (aka 'LT24Ctx_t *'); remove & [-Wincompatible-pointer-types]
                                LT24_copyFrameBuffer(&lt24,frameBuffer, 0, 0, 240, 320);
                                                     ^~~~~
D:\homeworkandppt\master\FPGA\Repositories\ELEC5620M-Resources\Drivers\DE1SoC_LT24/DE1SoC_LT24.h:91:43: note: passing argument to parameter 'ctx' here
HpsErr_t LT24_copyFrameBuffer( PLT24Ctx_t ctx, const unsigned short* framebuffer,
                                          ^
3 warnings and 1 error generated.
make: *** [LCDGame/subdir.mk:20: LCDGame/main.o] Error 1
"make all" terminated with exit code 2. Build might be incomplete.
21:44:00 **** Incremental Build of configuration Debug for project ELEC5620M-Mini-Project-Group-19 ****
make all 
'Building file: ../LCDGame/main.c'
'Invoking: Arm C Compiler for Embedded 6'
armclang.exe --target=arm-arm-none-eabi -mcpu=cortex-a9 -mfpu=none -mfloat-abi=soft -marm -I"D:\homeworkandppt\master\FPGA\Repositories\ELEC5620M-Resources\Drivers" -O0 -g -mno-unaligned-access -MD -MP -c -o "LCDGame/main.o" "../LCDGame/main.c"
../LCDGame/main.c:118:26: warning: incompatible pointer types passing 'PLT24Ctx_t *' (aka 'LT24Ctx_t **') to parameter of type 'PLT24Ctx_t' (aka 'LT24Ctx_t *'); remove & [-Wincompatible-pointer-types]
                                LT24_copyFrameBuffer(&lt24,frameBuffer, 0, 0, 240, 320);
                                                     ^~~~~
D:\homeworkandppt\master\FPGA\Repositories\ELEC5620M-Resources\Drivers\DE1SoC_LT24/DE1SoC_LT24.h:91:43: note: passing argument to parameter 'ctx' here
HpsErr_t LT24_copyFrameBuffer( PLT24Ctx_t ctx, const unsigned short* framebuffer,
                                          ^
../LCDGame/main.c:226:26: warning: incompatible pointer types passing 'PLT24Ctx_t *' (aka 'LT24Ctx_t **') to parameter of type 'PLT24Ctx_t' (aka 'LT24Ctx_t *'); remove & [-Wincompatible-pointer-types]
                                LT24_copyFrameBuffer(&lt24,frameBuffer, 0, 0, 240, 320);
                                                     ^~~~~
D:\homeworkandppt\master\FPGA\Repositories\ELEC5620M-Resources\Drivers\DE1SoC_LT24/DE1SoC_LT24.h:91:43: note: passing argument to parameter 'ctx' here
HpsErr_t LT24_copyFrameBuffer( PLT24Ctx_t ctx, const unsigned short* framebuffer,
                                          ^
../LCDGame/main.c:240:26: warning: incompatible pointer types passing 'PLT24Ctx_t *' (aka 'LT24Ctx_t **') to parameter of type 'PLT24Ctx_t' (aka 'LT24Ctx_t *'); remove & [-Wincompatible-pointer-types]
                                LT24_copyFrameBuffer(&lt24,frameBuffer, 0, 0, 240, 320);
                                                     ^~~~~
D:\homeworkandppt\master\FPGA\Repositories\ELEC5620M-Resources\Drivers\DE1SoC_LT24/DE1SoC_LT24.h:91:43: note: passing argument to parameter 'ctx' here
HpsErr_t LT24_copyFrameBuffer( PLT24Ctx_t ctx, const unsigned short* framebuffer,
                                          ^
3 warnings generated.
'Finished building: ../LCDGame/main.c'
' '
'Building file: D:/homeworkandppt/master/FPGA/Repositories/ELEC5620M-Resources/Drivers/Util/driver_crc.c'
'Invoking: Arm C Compiler for Embedded 6'
armclang.exe --target=arm-arm-none-eabi -mcpu=cortex-a9 -mfpu=none -mfloat-abi=soft -marm -I"D:\homeworkandppt\master\FPGA\Repositories\ELEC5620M-Resources\Drivers" -O0 -g -mno-unaligned-access -MD -MP -c -o "Drivers/Util/driver_crc.o" "D:/homeworkandppt/master/FPGA/Repositories/ELEC5620M-Resources/Drivers/Util/driver_crc.c"
'Finished building: D:/homeworkandppt/master/FPGA/Repositories/ELEC5620M-Resources/Drivers/Util/driver_crc.c'
' '
'Building file: D:/homeworkandppt/master/FPGA/Repositories/ELEC5620M-Resources/Drivers/Util/driver_ctx.c'
'Invoking: Arm C Compiler for Embedded 6'
armclang.exe --target=arm-arm-none-eabi -mcpu=cortex-a9 -mfpu=none -mfloat-abi=soft -marm -I"D:\homeworkandppt\master\FPGA\Repositories\ELEC5620M-Resources\Drivers" -O0 -g -mno-unaligned-access -MD -MP -c -o "Drivers/Util/driver_ctx.o" "D:/homeworkandppt/master/FPGA/Repositories/ELEC5620M-Resources/Drivers/Util/driver_ctx.c"
'Finished building: D:/homeworkandppt/master/FPGA/Repositories/ELEC5620M-Resources/Drivers/Util/driver_ctx.c'
' '
'Building file: D:/homeworkandppt/master/FPGA/Repositories/ELEC5620M-Resources/Drivers/Util/driver_flash.c'
'Invoking: Arm C Compiler for Embedded 6'
armclang.exe --target=arm-arm-none-eabi -mcpu=cortex-a9 -mfpu=none -mfloat-abi=soft -marm -I"D:\homeworkandppt\master\FPGA\Repositories\ELEC5620M-Resources\Drivers" -O0 -g -mno-unaligned-access -MD -MP -c -o "Drivers/Util/driver_flash.o" "D:/homeworkandppt/master/FPGA/Repositories/ELEC5620M-Resources/Drivers/Util/driver_flash.c"
'Finished building: D:/homeworkandppt/master/FPGA/Repositories/ELEC5620M-Resources/Drivers/Util/driver_flash.c'
' '
'Building file: D:/homeworkandppt/master/FPGA/Repositories/ELEC5620M-Resources/Drivers/Util/enum_lookup.c'
'Invoking: Arm C Compiler for Embedded 6'
armclang.exe --target=arm-arm-none-eabi -mcpu=cortex-a9 -mfpu=none -mfloat-abi=soft -marm -I"D:\homeworkandppt\master\FPGA\Repositories\ELEC5620M-Resources\Drivers" -O0 -g -mno-unaligned-access -MD -MP -c -o "Drivers/Util/enum_lookup.o" "D:/homeworkandppt/master/FPGA/Repositories/ELEC5620M-Resources/Drivers/Util/enum_lookup.c"
'Finished building: D:/homeworkandppt/master/FPGA/Repositories/ELEC5620M-Resources/Drivers/Util/enum_lookup.c'
' '
'Building file: D:/homeworkandppt/master/FPGA/Repositories/ELEC5620M-Resources/Drivers/Util/error.c'
'Invoking: Arm C Compiler for Embedded 6'
armclang.exe --target=arm-arm-none-eabi -mcpu=cortex-a9 -mfpu=none -mfloat-abi=soft -marm -I"D:\homeworkandppt\master\FPGA\Repositories\ELEC5620M-Resources\Drivers" -O0 -g -mno-unaligned-access -MD -MP -c -o "Drivers/Util/error.o" "D:/homeworkandppt/master/FPGA/Repositories/ELEC5620M-Resources/Drivers/Util/error.c"
'Finished building: D:/homeworkandppt/master/FPGA/Repositories/ELEC5620M-Resources/Drivers/Util/error.c'
' '
'Building file: D:/homeworkandppt/master/FPGA/Repositories/ELEC5620M-Resources/Drivers/Util/startup_arm.c'
'Invoking: Arm C Compiler for Embedded 6'
armclang.exe --target=arm-arm-none-eabi -mcpu=cortex-a9 -mfpu=none -mfloat-abi=soft -marm -I"D:\homeworkandppt\master\FPGA\Repositories\ELEC5620M-Resources\Drivers" -O0 -g -mno-unaligned-access -MD -MP -c -o "Drivers/Util/startup_arm.o" "D:/homeworkandppt/master/FPGA/Repositories/ELEC5620M-Resources/Drivers/Util/startup_arm.c"
'Finished building: D:/homeworkandppt/master/FPGA/Repositories/ELEC5620M-Resources/Drivers/Util/startup_arm.c'
' '
'Building file: D:/homeworkandppt/master/FPGA/Repositories/ELEC5620M-Resources/Drivers/Util/verbosity.c'
'Invoking: Arm C Compiler for Embedded 6'
armclang.exe --target=arm-arm-none-eabi -mcpu=cortex-a9 -mfpu=none -mfloat-abi=soft -marm -I"D:\homeworkandppt\master\FPGA\Repositories\ELEC5620M-Resources\Drivers" -O0 -g -mno-unaligned-access -MD -MP -c -o "Drivers/Util/verbosity.o" "D:/homeworkandppt/master/FPGA/Repositories/ELEC5620M-Resources/Drivers/Util/verbosity.c"
'Finished building: D:/homeworkandppt/master/FPGA/Repositories/ELEC5620M-Resources/Drivers/Util/verbosity.c'
' '
'Building file: D:/homeworkandppt/master/FPGA/Repositories/ELEC5620M-Resources/Drivers/HPS_usleep/HPS_usleep.c'
'Invoking: Arm C Compiler for Embedded 6'
armclang.exe --target=arm-arm-none-eabi -mcpu=cortex-a9 -mfpu=none -mfloat-abi=soft -marm -I"D:\homeworkandppt\master\FPGA\Repositories\ELEC5620M-Resources\Drivers" -O0 -g -mno-unaligned-access -MD -MP -c -o "Drivers/HPS_usleep/HPS_usleep.o" "D:/homeworkandppt/master/FPGA/Repositories/ELEC5620M-Resources/Drivers/HPS_usleep/HPS_usleep.c"
'Finished building: D:/homeworkandppt/master/FPGA/Repositories/ELEC5620M-Resources/Drivers/HPS_usleep/HPS_usleep.c'
' '
'Building file: D:/homeworkandppt/master/FPGA/Repositories/ELEC5620M-Resources/Drivers/HPS_IRQ/HPS_IRQ.c'
'Invoking: Arm C Compiler for Embedded 6'
armclang.exe --target=arm-arm-none-eabi -mcpu=cortex-a9 -mfpu=none -mfloat-abi=soft -marm -I"D:\homeworkandppt\master\FPGA\Repositories\ELEC5620M-Resources\Drivers" -O0 -g -mno-unaligned-access -MD -MP -c -o "Drivers/HPS_IRQ/HPS_IRQ.o" "D:/homeworkandppt/master/FPGA/Repositories/ELEC5620M-Resources/Drivers/HPS_IRQ/HPS_IRQ.c"
'Finished building: D:/homeworkandppt/master/FPGA/Repositories/ELEC5620M-Resources/Drivers/HPS_IRQ/HPS_IRQ.c'
' '
'Building file: D:/homeworkandppt/master/FPGA/Repositories/ELEC5620M-Resources/Drivers/HPS_I2C/HPS_I2C.c'
'Invoking: Arm C Compiler for Embedded 6'
armclang.exe --target=arm-arm-none-eabi -mcpu=cortex-a9 -mfpu=none -mfloat-abi=soft -marm -I"D:\homeworkandppt\master\FPGA\Repositories\ELEC5620M-Resources\Drivers" -O0 -g -mno-unaligned-access -MD -MP -c -o "Drivers/HPS_I2C/HPS_I2C.o" "D:/homeworkandppt/master/FPGA/Repositories/ELEC5620M-Resources/Drivers/HPS_I2C/HPS_I2C.c"
'Finished building: D:/homeworkandppt/master/FPGA/Repositories/ELEC5620M-Resources/Drivers/HPS_I2C/HPS_I2C.c'
' '
'Building file: D:/homeworkandppt/master/FPGA/Repositories/ELEC5620M-Resources/Drivers/HPS_GPIO/HPS_GPIO.c'
'Invoking: Arm C Compiler for Embedded 6'
armclang.exe --target=arm-arm-none-eabi -mcpu=cortex-a9 -mfpu=none -mfloat-abi=soft -marm -I"D:\homeworkandppt\master\FPGA\Repositories\ELEC5620M-Resources\Drivers" -O0 -g -mno-unaligned-access -MD -MP -c -o "Drivers/HPS_GPIO/HPS_GPIO.o" "D:/homeworkandppt/master/FPGA/Repositories/ELEC5620M-Resources/Drivers/HPS_GPIO/HPS_GPIO.c"
'Finished building: D:/homeworkandppt/master/FPGA/Repositories/ELEC5620M-Resources/Drivers/HPS_GPIO/HPS_GPIO.c'
' '
'Building file: D:/homeworkandppt/master/FPGA/Repositories/ELEC5620M-Resources/Drivers/FatFS/hwlib/cv/alt_clock_manager.c'
'Invoking: Arm C Compiler for Embedded 6'
armclang.exe --target=arm-arm-none-eabi -mcpu=cortex-a9 -mfpu=none -mfloat-abi=soft -marm -I"D:\homeworkandppt\master\FPGA\Repositories\ELEC5620M-Resources\Drivers" -O0 -g -mno-unaligned-access -MD -MP -c -o "Drivers/FatFS/hwlib/cv/alt_clock_manager.o" "D:/homeworkandppt/master/FPGA/Repositories/ELEC5620M-Resources/Drivers/FatFS/hwlib/cv/alt_clock_manager.c"
'Finished building: D:/homeworkandppt/master/FPGA/Repositories/ELEC5620M-Resources/Drivers/FatFS/hwlib/cv/alt_clock_manager.c'
' '
'Building file: D:/homeworkandppt/master/FPGA/Repositories/ELEC5620M-Resources/Drivers/FatFS/hwlib/a10/alt_clock_manager.c'
'Invoking: Arm C Compiler for Embedded 6'
armclang.exe --target=arm-arm-none-eabi -mcpu=cortex-a9 -mfpu=none -mfloat-abi=soft -marm -I"D:\homeworkandppt\master\FPGA\Repositories\ELEC5620M-Resources\Drivers" -O0 -g -mno-unaligned-access -MD -MP -c -o "Drivers/FatFS/hwlib/a10/alt_clock_manager.o" "D:/homeworkandppt/master/FPGA/Repositories/ELEC5620M-Resources/Drivers/FatFS/hwlib/a10/alt_clock_manager.c"
'Finished building: D:/homeworkandppt/master/FPGA/Repositories/ELEC5620M-Resources/Drivers/FatFS/hwlib/a10/alt_clock_manager.c'
' '
'Building file: D:/homeworkandppt/master/FPGA/Repositories/ELEC5620M-Resources/Drivers/FatFS/hwlib/alt_globaltmr.c'
'Invoking: Arm C Compiler for Embedded 6'
armclang.exe --target=arm-arm-none-eabi -mcpu=cortex-a9 -mfpu=none -mfloat-abi=soft -marm -I"D:\homeworkandppt\master\FPGA\Repositories\ELEC5620M-Resources\Drivers" -O0 -g -mno-unaligned-access -MD -MP -c -o "Drivers/FatFS/hwlib/alt_globaltmr.o" "D:/homeworkandppt/master/FPGA/Repositories/ELEC5620M-Resources/Drivers/FatFS/hwlib/alt_globaltmr.c"
'Finished building: D:/homeworkandppt/master/FPGA/Repositories/ELEC5620M-Resources/Drivers/FatFS/hwlib/alt_globaltmr.c'
' '
'Building file: D:/homeworkandppt/master/FPGA/Repositories/ELEC5620M-Resources/Drivers/FatFS/hwlib/alt_sdmmc.c'
'Invoking: Arm C Compiler for Embedded 6'
armclang.exe --target=arm-arm-none-eabi -mcpu=cortex-a9 -mfpu=none -mfloat-abi=soft -marm -I"D:\homeworkandppt\master\FPGA\Repositories\ELEC5620M-Resources\Drivers" -O0 -g -mno-unaligned-access -MD -MP -c -o "Drivers/FatFS/hwlib/alt_sdmmc.o" "D:/homeworkandppt/master/FPGA/Repositories/ELEC5620M-Resources/Drivers/FatFS/hwlib/alt_sdmmc.c"
'Finished building: D:/homeworkandppt/master/FPGA/Repositories/ELEC5620M-Resources/Drivers/FatFS/hwlib/alt_sdmmc.c'
' '
'Building file: D:/homeworkandppt/master/FPGA/Repositories/ELEC5620M-Resources/Drivers/FatFS/hwlib/alt_timers.c'
'Invoking: Arm C Compiler for Embedded 6'
armclang.exe --target=arm-arm-none-eabi -mcpu=cortex-a9 -mfpu=none -mfloat-abi=soft -marm -I"D:\homeworkandppt\master\FPGA\Repositories\ELEC5620M-Resources\Drivers" -O0 -g -mno-unaligned-access -MD -MP -c -o "Drivers/FatFS/hwlib/alt_timers.o" "D:/homeworkandppt/master/FPGA/Repositories/ELEC5620M-Resources/Drivers/FatFS/hwlib/alt_timers.c"
'Finished building: D:/homeworkandppt/master/FPGA/Repositories/ELEC5620M-Resources/Drivers/FatFS/hwlib/alt_timers.c'
' '
'Building file: D:/homeworkandppt/master/FPGA/Repositories/ELEC5620M-Resources/Drivers/FatFS/hwlib/alt_watchdog.c'
'Invoking: Arm C Compiler for Embedded 6'
armclang.exe --target=arm-arm-none-eabi -mcpu=cortex-a9 -mfpu=none -mfloat-abi=soft -marm -I"D:\homeworkandppt\master\FPGA\Repositories\ELEC5620M-Resources\Drivers" -O0 -g -mno-unaligned-access -MD -MP -c -o "Drivers/FatFS/hwlib/alt_watchdog.o" "D:/homeworkandppt/master/FPGA/Repositories/ELEC5620M-Resources/Drivers/FatFS/hwlib/alt_watchdog.c"
'Finished building: D:/homeworkandppt/master/FPGA/Repositories/ELEC5620M-Resources/Drivers/FatFS/hwlib/alt_watchdog.c'
' '
'Building file: D:/homeworkandppt/master/FPGA/Repositories/ELEC5620M-Resources/Drivers/FatFS/diskio_socfpga.c'
'Invoking: Arm C Compiler for Embedded 6'
armclang.exe --target=arm-arm-none-eabi -mcpu=cortex-a9 -mfpu=none -mfloat-abi=soft -marm -I"D:\homeworkandppt\master\FPGA\Repositories\ELEC5620M-Resources\Drivers" -O0 -g -mno-unaligned-access -MD -MP -c -o "Drivers/FatFS/diskio_socfpga.o" "D:/homeworkandppt/master/FPGA/Repositories/ELEC5620M-Resources/Drivers/FatFS/diskio_socfpga.c"
'Finished building: D:/homeworkandppt/master/FPGA/Repositories/ELEC5620M-Resources/Drivers/FatFS/diskio_socfpga.c'
' '
'Building file: D:/homeworkandppt/master/FPGA/Repositories/ELEC5620M-Resources/Drivers/FatFS/ff.c'
'Invoking: Arm C Compiler for Embedded 6'
armclang.exe --target=arm-arm-none-eabi -mcpu=cortex-a9 -mfpu=none -mfloat-abi=soft -marm -I"D:\homeworkandppt\master\FPGA\Repositories\ELEC5620M-Resources\Drivers" -O0 -g -mno-unaligned-access -MD -MP -c -o "Drivers/FatFS/ff.o" "D:/homeworkandppt/master/FPGA/Repositories/ELEC5620M-Resources/Drivers/FatFS/ff.c"
'Finished building: D:/homeworkandppt/master/FPGA/Repositories/ELEC5620M-Resources/Drivers/FatFS/ff.c'
' '
'Building file: D:/homeworkandppt/master/FPGA/Repositories/ELEC5620M-Resources/Drivers/FatFS/ffsystem.c'
'Invoking: Arm C Compiler for Embedded 6'
armclang.exe --target=arm-arm-none-eabi -mcpu=cortex-a9 -mfpu=none -mfloat-abi=soft -marm -I"D:\homeworkandppt\master\FPGA\Repositories\ELEC5620M-Resources\Drivers" -O0 -g -mno-unaligned-access -MD -MP -c -o "Drivers/FatFS/ffsystem.o" "D:/homeworkandppt/master/FPGA/Repositories/ELEC5620M-Resources/Drivers/FatFS/ffsystem.c"
'Finished building: D:/homeworkandppt/master/FPGA/Repositories/ELEC5620M-Resources/Drivers/FatFS/ffsystem.c'
' '
'Building file: D:/homeworkandppt/master/FPGA/Repositories/ELEC5620M-Resources/Drivers/FatFS/ffunicode.c'
'Invoking: Arm C Compiler for Embedded 6'
armclang.exe --target=arm-arm-none-eabi -mcpu=cortex-a9 -mfpu=none -mfloat-abi=soft -marm -I"D:\homeworkandppt\master\FPGA\Repositories\ELEC5620M-Resources\Drivers" -O0 -g -mno-unaligned-access -MD -MP -c -o "Drivers/FatFS/ffunicode.o" "D:/homeworkandppt/master/FPGA/Repositories/ELEC5620M-Resources/Drivers/FatFS/ffunicode.c"
'Finished building: D:/homeworkandppt/master/FPGA/Repositories/ELEC5620M-Resources/Drivers/FatFS/ffunicode.c'
' '
'Building file: D:/homeworkandppt/master/FPGA/Repositories/ELEC5620M-Resources/Drivers/FPGA_PIO/FPGA_PIO.c'
'Invoking: Arm C Compiler for Embedded 6'
armclang.exe --target=arm-arm-none-eabi -mcpu=cortex-a9 -mfpu=none -mfloat-abi=soft -marm -I"D:\homeworkandppt\master\FPGA\Repositories\ELEC5620M-Resources\Drivers" -O0 -g -mno-unaligned-access -MD -MP -c -o "Drivers/FPGA_PIO/FPGA_PIO.o" "D:/homeworkandppt/master/FPGA/Repositories/ELEC5620M-Resources/Drivers/FPGA_PIO/FPGA_PIO.c"
'Finished building: D:/homeworkandppt/master/FPGA/Repositories/ELEC5620M-Resources/Drivers/FPGA_PIO/FPGA_PIO.c'
' '
'Building file: D:/homeworkandppt/master/FPGA/Repositories/ELEC5620M-Resources/Drivers/FPGA_IrDAController/FPGA_IrDAController.c'
'Invoking: Arm C Compiler for Embedded 6'
armclang.exe --target=arm-arm-none-eabi -mcpu=cortex-a9 -mfpu=none -mfloat-abi=soft -marm -I"D:\homeworkandppt\master\FPGA\Repositories\ELEC5620M-Resources\Drivers" -O0 -g -mno-unaligned-access -MD -MP -c -o "Drivers/FPGA_IrDAController/FPGA_IrDAController.o" "D:/homeworkandppt/master/FPGA/Repositories/ELEC5620M-Resources/Drivers/FPGA_IrDAController/FPGA_IrDAController.c"
'Finished building: D:/homeworkandppt/master/FPGA/Repositories/ELEC5620M-Resources/Drivers/FPGA_IrDAController/FPGA_IrDAController.c'
' '
'Building file: D:/homeworkandppt/master/FPGA/Repositories/ELEC5620M-Resources/Drivers/DE1SoC_WM8731/DE1SoC_WM8731.c'
'Invoking: Arm C Compiler for Embedded 6'
armclang.exe --target=arm-arm-none-eabi -mcpu=cortex-a9 -mfpu=none -mfloat-abi=soft -marm -I"D:\homeworkandppt\master\FPGA\Repositories\ELEC5620M-Resources\Drivers" -O0 -g -mno-unaligned-access -MD -MP -c -o "Drivers/DE1SoC_WM8731/DE1SoC_WM8731.o" "D:/homeworkandppt/master/FPGA/Repositories/ELEC5620M-Resources/Drivers/DE1SoC_WM8731/DE1SoC_WM8731.c"
'Finished building: D:/homeworkandppt/master/FPGA/Repositories/ELEC5620M-Resources/Drivers/DE1SoC_WM8731/DE1SoC_WM8731.c'
' '
'Building file: D:/homeworkandppt/master/FPGA/Repositories/ELEC5620M-Resources/Drivers/DE1SoC_Servo/DE1SoC_Servo.c'
'Invoking: Arm C Compiler for Embedded 6'
armclang.exe --target=arm-arm-none-eabi -mcpu=cortex-a9 -mfpu=none -mfloat-abi=soft -marm -I"D:\homeworkandppt\master\FPGA\Repositories\ELEC5620M-Resources\Drivers" -O0 -g -mno-unaligned-access -MD -MP -c -o "Drivers/DE1SoC_Servo/DE1SoC_Servo.o" "D:/homeworkandppt/master/FPGA/Repositories/ELEC5620M-Resources/Drivers/DE1SoC_Servo/DE1SoC_Servo.c"
'Finished building: D:/homeworkandppt/master/FPGA/Repositories/ELEC5620M-Resources/Drivers/DE1SoC_Servo/DE1SoC_Servo.c'
' '
'Building file: D:/homeworkandppt/master/FPGA/Repositories/ELEC5620M-Resources/Drivers/DE1SoC_Mandelbrot/DE1SoC_Mandelbrot.c'
'Invoking: Arm C Compiler for Embedded 6'
armclang.exe --target=arm-arm-none-eabi -mcpu=cortex-a9 -mfpu=none -mfloat-abi=soft -marm -I"D:\homeworkandppt\master\FPGA\Repositories\ELEC5620M-Resources\Drivers" -O0 -g -mno-unaligned-access -MD -MP -c -o "Drivers/DE1SoC_Mandelbrot/DE1SoC_Mandelbrot.o" "D:/homeworkandppt/master/FPGA/Repositories/ELEC5620M-Resources/Drivers/DE1SoC_Mandelbrot/DE1SoC_Mandelbrot.c"
'Finished building: D:/homeworkandppt/master/FPGA/Repositories/ELEC5620M-Resources/Drivers/DE1SoC_Mandelbrot/DE1SoC_Mandelbrot.c'
' '
'Building file: D:/homeworkandppt/master/FPGA/Repositories/ELEC5620M-Resources/Drivers/DE1SoC_LT24/DE1SoC_LT24.c'
'Invoking: Arm C Compiler for Embedded 6'
armclang.exe --target=arm-arm-none-eabi -mcpu=cortex-a9 -mfpu=none -mfloat-abi=soft -marm -I"D:\homeworkandppt\master\FPGA\Repositories\ELEC5620M-Resources\Drivers" -O0 -g -mno-unaligned-access -MD -MP -c -o "Drivers/DE1SoC_LT24/DE1SoC_LT24.o" "D:/homeworkandppt/master/FPGA/Repositories/ELEC5620M-Resources/Drivers/DE1SoC_LT24/DE1SoC_LT24.c"
'Finished building: D:/homeworkandppt/master/FPGA/Repositories/ELEC5620M-Resources/Drivers/DE1SoC_LT24/DE1SoC_LT24.c'
' '
'Building file: D:/homeworkandppt/master/FPGA/Repositories/ELEC5620M-Resources/Drivers/BasicFont/BasicFont.c'
'Invoking: Arm C Compiler for Embedded 6'
armclang.exe --target=arm-arm-none-eabi -mcpu=cortex-a9 -mfpu=none -mfloat-abi=soft -marm -I"D:\homeworkandppt\master\FPGA\Repositories\ELEC5620M-Resources\Drivers" -O0 -g -mno-unaligned-access -MD -MP -c -o "Drivers/BasicFont/BasicFont.o" "D:/homeworkandppt/master/FPGA/Repositories/ELEC5620M-Resources/Drivers/BasicFont/BasicFont.c"
'Finished building: D:/homeworkandppt/master/FPGA/Repositories/ELEC5620M-Resources/Drivers/BasicFont/BasicFont.c'
' '
'Building target: ELEC5620M-Mini-Project-Group-19.axf'
'Invoking: Arm Linker 6'
armlink.exe --entry=__vector_table --scatter="D:\homeworkandppt\master\FPGA\Repositories\ELEC5620M-Resources\ScatterFiles\FPGARomRam.scat" --info=sizes -o "ELEC5620M-Mini-Project-Group-19.axf"  ./LCDGame/gameProcess/GameProcess.o  ./LCDGame/framebuffer/framebuffer.o  ./LCDGame/SevenSeg/SevenSeg.o  ./LCDGame/Bitmap/bg1.o ./LCDGame/Bitmap/bg2.o ./LCDGame/Bitmap/bg3.o ./LCDGame/Bitmap/bg4.o ./LCDGame/Bitmap/blast1.o ./LCDGame/Bitmap/blast2.o ./LCDGame/Bitmap/blast3.o ./LCDGame/Bitmap/blast4.o ./LCDGame/Bitmap/blast5.o ./LCDGame/Bitmap/bombshoot.o ./LCDGame/Bitmap/enemyfly.o ./LCDGame/Bitmap/gameover.o ./LCDGame/Bitmap/intro.o ./LCDGame/Bitmap/planefront.o ./LCDGame/Bitmap/planestatic.o  ./LCDGame/main.o  ./Drivers/Util/driver_crc.o ./Drivers/Util/driver_ctx.o ./Drivers/Util/driver_flash.o ./Drivers/Util/enum_lookup.o ./Drivers/Util/error.o ./Drivers/Util/startup_arm.o ./Drivers/Util/verbosity.o  ./Drivers/HPS_usleep/HPS_usleep.o  ./Drivers/HPS_IRQ/HPS_IRQ.o  ./Drivers/HPS_I2C/HPS_I2C.o  ./Drivers/HPS_GPIO/HPS_GPIO.o  ./Drivers/FatFS/hwlib/cv/alt_clock_manager.o  ./Drivers/FatFS/hwlib/a10/alt_clock_manager.o  ./Drivers/FatFS/hwlib/alt_globaltmr.o ./Drivers/FatFS/hwlib/alt_sdmmc.o ./Drivers/FatFS/hwlib/alt_timers.o ./Drivers/FatFS/hwlib/alt_watchdog.o  ./Drivers/FatFS/diskio_socfpga.o ./Drivers/FatFS/ff.o ./Drivers/FatFS/ffsystem.o ./Drivers/FatFS/ffunicode.o  ./Drivers/FPGA_PIO/FPGA_PIO.o  ./Drivers/FPGA_IrDAController/FPGA_IrDAController.o  ./Drivers/DE1SoC_WM8731/DE1SoC_WM8731.o  ./Drivers/DE1SoC_Servo/DE1SoC_Servo.o  ./Drivers/DE1SoC_Mandelbrot/DE1SoC_Mandelbrot.o  ./Drivers/DE1SoC_LT24/DE1SoC_LT24.o  ./Drivers/BasicFont/BasicFont.o   
Error: L6220E: Load region FPGA_OCRAM size (970072 bytes) exceeds limit (65536 bytes). Region contains 33 bytes of padding and 0 bytes of veneers (total 33 bytes of linker generated content).
Finished: 0 information, 0 warning and 1 error messages.
make: *** [makefile:82: ELEC5620M-Mini-Project-Group-19.axf] Error 1
"make all" terminated with exit code 2. Build might be incomplete.
21:56:11 **** Build of configuration Debug for project test ****
make all 
'Building file: ../Pong-Embedded-C-main/Pong/Sound/Sound.c'
'Invoking: Arm C Compiler for Embedded 6'
armclang.exe --target=aarch64-arm-none-eabi -I"D:\homeworkandppt\master\FPGA\Repositories\ELEC5620M-Resources\Drivers" -O0 -g -mno-unaligned-access -MD -MP -c -o "Pong-Embedded-C-main/Pong/Sound/Sound.o" "../Pong-Embedded-C-main/Pong/Sound/Sound.c"
In file included from ../Pong-Embedded-C-main/Pong/Sound/Sound.c:12:
In file included from ../Pong-Embedded-C-main/Pong/Sound/Sound.h:14:
In file included from ../Pong-Embedded-C-main/Pong/Sound/../Interrupts/Interrupts.h:14:
In file included from D:\homeworkandppt\master\FPGA\Repositories\ELEC5620M-Resources\Drivers\HPS_IRQ/HPS_IRQ.h:85:
In file included from D:\homeworkandppt\master\FPGA\Repositories\ELEC5620M-Resources\Drivers\Util/error.h:67:
D:\homeworkandppt\master\FPGA\Repositories\ELEC5620M-Resources\Drivers\Util/enum_lookup.h:38:2: error: Unknown System
#error Unknown System
 ^
In file included from ../Pong-Embedded-C-main/Pong/Sound/Sound.c:12:
In file included from ../Pong-Embedded-C-main/Pong/Sound/Sound.h:14:
In file included from ../Pong-Embedded-C-main/Pong/Sound/../Interrupts/Interrupts.h:14:
D:\homeworkandppt\master\FPGA\Repositories\ELEC5620M-Resources\Drivers\HPS_IRQ/HPS_IRQ.h:103:17: warning: unknown attribute 'interrupt' ignored [-Wunknown-attributes]
typedef void (* __irq IsrHandlerFunc_t)(HPSIRQSource interruptID, void* param, bool* handled);
                ^~~~~
D:\homeworkandppt\master\FPGA\Repositories\ELEC5620M-Resources\Drivers\Util/irq_attr.h:25:32: note: expanded from macro '__irq'
#define __irq   __attribute__((interrupt("IRQ")))
                               ^~~~~~~~~~~~~~~~
../Pong-Embedded-C-main/Pong/Sound/Sound.c:33:31: error: too few arguments to function call, expected 3, have 2
    WM8731_clearFIFO(true,true);
    ~~~~~~~~~~~~~~~~          ^
D:\homeworkandppt\master\FPGA\Repositories\ELEC5620M-Resources\Drivers\DE1SoC_WM8731/DE1SoC_WM8731.h:55:10: note: 'WM8731_clearFIFO' declared here
HpsErr_t WM8731_clearFIFO( PWM8731Ctx_t ctx, bool adc, bool dac);
         ^
../Pong-Embedded-C-main/Pong/Sound/Sound.c:34:21: error: call to undeclared function 'WM8731_getFIFOSpacePtr'; ISO C99 and later do not support implicit function declarations [-Wimplicit-function-declaration]
    fifospace_ptr = WM8731_getFIFOSpacePtr();
                    ^
../Pong-Embedded-C-main/Pong/Sound/Sound.c:34:21: note: did you mean 'WM8731_getFIFOSpace'?
D:\homeworkandppt\master\FPGA\Repositories\ELEC5620M-Resources\Drivers\DE1SoC_WM8731/DE1SoC_WM8731.h:58:10: note: 'WM8731_getFIFOSpace' declared here
HpsErr_t WM8731_getFIFOSpace( PWM8731Ctx_t ctx, unsigned int* fifoSpace );
         ^
../Pong-Embedded-C-main/Pong/Sound/Sound.c:34:19: error: incompatible integer to pointer conversion assigning to 'volatile unsigned char *' from 'int' [-Wint-conversion]
    fifospace_ptr = WM8731_getFIFOSpacePtr();
                  ^ ~~~~~~~~~~~~~~~~~~~~~~~~
../Pong-Embedded-C-main/Pong/Sound/Sound.c:35:22: error: call to undeclared function 'WM8731_getLeftFIFOPtr'; ISO C99 and later do not support implicit function declarations [-Wimplicit-function-declaration]
    audio_left_ptr = WM8731_getLeftFIFOPtr();
                     ^
../Pong-Embedded-C-main/Pong/Sound/Sound.c:35:20: error: incompatible integer to pointer conversion assigning to 'volatile unsigned int *' from 'int' [-Wint-conversion]
    audio_left_ptr = WM8731_getLeftFIFOPtr();
                   ^ ~~~~~~~~~~~~~~~~~~~~~~~
../Pong-Embedded-C-main/Pong/Sound/Sound.c:36:23: error: call to undeclared function 'WM8731_getRightFIFOPtr'; ISO C99 and later do not support implicit function declarations [-Wimplicit-function-declaration]
    audio_right_ptr = WM8731_getRightFIFOPtr();
                      ^
../Pong-Embedded-C-main/Pong/Sound/Sound.c:36:21: error: incompatible integer to pointer conversion assigning to 'volatile unsigned int *' from 'int' [-Wint-conversion]
    audio_right_ptr = WM8731_getRightFIFOPtr();
                    ^ ~~~~~~~~~~~~~~~~~~~~~~~~
../Pong-Embedded-C-main/Pong/Sound/Sound.c:82:55: error: too few arguments to function call, expected 3, have 2
    HPS_IRQ_registerHandler(IRQ_TIMER_L4SP_0, timerISR);
    ~~~~~~~~~~~~~~~~~~~~~~~                           ^
D:\homeworkandppt\master\FPGA\Repositories\ELEC5620M-Resources\Drivers\HPS_IRQ/HPS_IRQ.h:171:10: note: 'HPS_IRQ_registerHandler' declared here
HpsErr_t HPS_IRQ_registerHandler(
         ^
1 warning and 9 errors generated.
make: *** [Pong-Embedded-C-main/Pong/Sound/subdir.mk:20: Pong-Embedded-C-main/Pong/Sound/Sound.o] Error 1
"make all" terminated with exit code 2. Build might be incomplete.
16:20:06 **** Clean-only build of configuration Debug for project test ****
make clean 
clean   ./Pong-Embedded-C-main/Pong/Sound/Sound.o  ./Pong-Embedded-C-main/Pong/SevenSegDisplay/SevenSegDisplay.o  ./Pong-Embedded-C-main/Pong/PrivateTimer/PrivateTimer.o  ./Pong-Embedded-C-main/Pong/LCDEngine/LCDEngine.o  ./Pong-Embedded-C-main/Pong/Interrupts/Interrupts.o  ./Pong-Embedded-C-main/Pong/Image/Pong.o  ./Pong-Embedded-C-main/Pong/GameEngine/GameEngine.o  ./Pong-Embedded-C-main/Pong/main.o  ./Drivers/Util/driver_crc.o ./Drivers/Util/driver_ctx.o ./Drivers/Util/driver_flash.o ./Drivers/Util/enum_lookup.o ./Drivers/Util/error.o ./Drivers/Util/startup_arm.o ./Drivers/Util/verbosity.o  ./Drivers/HPS_usleep/HPS_usleep.o  ./Drivers/HPS_IRQ/HPS_IRQ.o  ./Drivers/HPS_I2C/HPS_I2C.o  ./Drivers/HPS_GPIO/HPS_GPIO.o  ./Drivers/FatFS/hwlib/cv/alt_clock_manager.o  ./Drivers/FatFS/hwlib/a10/alt_clock_manager.o  ./Drivers/FatFS/hwlib/alt_globaltmr.o ./Drivers/FatFS/hwlib/alt_sdmmc.o ./Drivers/FatFS/hwlib/alt_timers.o ./Drivers/FatFS/hwlib/alt_watchdog.o  ./Drivers/FatFS/diskio_socfpga.o ./Drivers/FatFS/ff.o ./Drivers/FatFS/ffsystem.o ./Drivers/FatFS/ffunicode.o  ./Drivers/FPGA_PIO/FPGA_PIO.o  ./Drivers/FPGA_IrDAController/FPGA_IrDAController.o  ./Drivers/DE1SoC_WM8731/DE1SoC_WM8731.o  ./Drivers/DE1SoC_Servo/DE1SoC_Servo.o  ./Drivers/DE1SoC_Mandelbrot/DE1SoC_Mandelbrot.o  ./Drivers/DE1SoC_LT24/DE1SoC_LT24.o  ./Drivers/BasicFont/BasicFont.o   ./Pong-Embedded-C-main/Pong/Sound/Sound.d  ./Pong-Embedded-C-main/Pong/SevenSegDisplay/SevenSegDisplay.d  ./Pong-Embedded-C-main/Pong/PrivateTimer/PrivateTimer.d  ./Pong-Embedded-C-main/Pong/LCDEngine/LCDEngine.d  ./Pong-Embedded-C-main/Pong/Interrupts/Interrupts.d  ./Pong-Embedded-C-main/Pong/Image/Pong.d  ./Pong-Embedded-C-main/Pong/GameEngine/GameEngine.d  ./Pong-Embedded-C-main/Pong/main.d  ./Drivers/Util/driver_crc.d ./Drivers/Util/driver_ctx.d ./Drivers/Util/driver_flash.d ./Drivers/Util/enum_lookup.d ./Drivers/Util/error.d ./Drivers/Util/startup_arm.d ./Drivers/Util/verbosity.d  ./Drivers/HPS_usleep/HPS_usleep.d  ./Drivers/HPS_IRQ/HPS_IRQ.d  ./Drivers/HPS_I2C/HPS_I2C.d  ./Drivers/HPS_GPIO/HPS_GPIO.d  ./Drivers/FatFS/hwlib/cv/alt_clock_manager.d  ./Drivers/FatFS/hwlib/a10/alt_clock_manager.d  ./Drivers/FatFS/hwlib/alt_globaltmr.d ./Drivers/FatFS/hwlib/alt_sdmmc.d ./Drivers/FatFS/hwlib/alt_timers.d ./Drivers/FatFS/hwlib/alt_watchdog.d  ./Drivers/FatFS/diskio_socfpga.d ./Drivers/FatFS/ff.d ./Drivers/FatFS/ffsystem.d ./Drivers/FatFS/ffunicode.d  ./Drivers/FPGA_PIO/FPGA_PIO.d  ./Drivers/FPGA_IrDAController/FPGA_IrDAController.d  ./Drivers/DE1SoC_WM8731/DE1SoC_WM8731.d  ./Drivers/DE1SoC_Servo/DE1SoC_Servo.d  ./Drivers/DE1SoC_Mandelbrot/DE1SoC_Mandelbrot.d  ./Drivers/DE1SoC_LT24/DE1SoC_LT24.d  ./Drivers/BasicFont/BasicFont.d  test.axf 
' '
16:20:08 **** Incremental Build of configuration Debug for project test ****
make all 
'Building file: ../Pong-Embedded-C-main/Pong/Sound/Sound.c'
'Invoking: Arm C Compiler for Embedded 6'
armclang.exe --target=aarch64-arm-none-eabi -I"D:\tmp\ELEC5620M-Resources\Drivers" -O0 -g -mno-unaligned-access -MD -MP -c -o "Pong-Embedded-C-main/Pong/Sound/Sound.o" "../Pong-Embedded-C-main/Pong/Sound/Sound.c"
In file included from ../Pong-Embedded-C-main/Pong/Sound/Sound.c:12:
In file included from ../Pong-Embedded-C-main/Pong/Sound/Sound.h:14:
In file included from ../Pong-Embedded-C-main/Pong/Sound/../Interrupts/Interrupts.h:15:
D:\tmp\ELEC5620M-Resources\Drivers\HPS_Watchdog/HPS_Watchdog.h:20:1: error: unknown type name '__forceinline'
__forceinline static void HPS_ResetWatchdog() {
^
D:\tmp\ELEC5620M-Resources\Drivers\HPS_Watchdog/HPS_Watchdog.h:25:1: error: unknown type name '__forceinline'
__forceinline static unsigned int HPS_WatchdogValue() {
^
2 errors generated.
make: *** [Pong-Embedded-C-main/Pong/Sound/subdir.mk:20: Pong-Embedded-C-main/Pong/Sound/Sound.o] Error 1
"make all" terminated with exit code 2. Build might be incomplete.
16:24:31 **** Incremental Build of configuration Debug for project test ****
make all 
'Building file: ../Pong-Embedded-C-main/Pong/Sound/Sound.c'
'Invoking: Arm C Compiler for Embedded 6'
armclang.exe --target=aarch64-arm-none-eabi -I"D:\tmp\ELEC5620M-Resources\Drivers" -O0 -g -mno-unaligned-access -MD -MP -c -o "Pong-Embedded-C-main/Pong/Sound/Sound.o" "../Pong-Embedded-C-main/Pong/Sound/Sound.c"
'Finished building: ../Pong-Embedded-C-main/Pong/Sound/Sound.c'
' '
'Building file: ../Pong-Embedded-C-main/Pong/SevenSegDisplay/SevenSegDisplay.c'
'Invoking: Arm C Compiler for Embedded 6'
armclang.exe --target=aarch64-arm-none-eabi -I"D:\tmp\ELEC5620M-Resources\Drivers" -O0 -g -mno-unaligned-access -MD -MP -c -o "Pong-Embedded-C-main/Pong/SevenSegDisplay/SevenSegDisplay.o" "../Pong-Embedded-C-main/Pong/SevenSegDisplay/SevenSegDisplay.c"
'Finished building: ../Pong-Embedded-C-main/Pong/SevenSegDisplay/SevenSegDisplay.c'
' '
'Building file: ../Pong-Embedded-C-main/Pong/PrivateTimer/PrivateTimer.c'
'Invoking: Arm C Compiler for Embedded 6'
armclang.exe --target=aarch64-arm-none-eabi -I"D:\tmp\ELEC5620M-Resources\Drivers" -O0 -g -mno-unaligned-access -MD -MP -c -o "Pong-Embedded-C-main/Pong/PrivateTimer/PrivateTimer.o" "../Pong-Embedded-C-main/Pong/PrivateTimer/PrivateTimer.c"
'Finished building: ../Pong-Embedded-C-main/Pong/PrivateTimer/PrivateTimer.c'
' '
'Building file: ../Pong-Embedded-C-main/Pong/LCDEngine/LCDEngine.c'
'Invoking: Arm C Compiler for Embedded 6'
armclang.exe --target=aarch64-arm-none-eabi -I"D:\tmp\ELEC5620M-Resources\Drivers" -O0 -g -mno-unaligned-access -MD -MP -c -o "Pong-Embedded-C-main/Pong/LCDEngine/LCDEngine.o" "../Pong-Embedded-C-main/Pong/LCDEngine/LCDEngine.c"
../Pong-Embedded-C-main/Pong/LCDEngine/LCDEngine.c:21:49: error: call to undeclared library function 'strlen' with type 'unsigned long (const char *)'; ISO C99 and later do not support implicit function declarations [-Wimplicit-function-declaration]
        for(current_character = 0; current_character < strlen(string); current_character++) {
                                                       ^
../Pong-Embedded-C-main/Pong/LCDEngine/LCDEngine.c:21:49: note: include the header <string.h> or explicitly provide a declaration for 'strlen'
1 error generated.
make: *** [Pong-Embedded-C-main/Pong/LCDEngine/subdir.mk:20: Pong-Embedded-C-main/Pong/LCDEngine/LCDEngine.o] Error 1
"make all" terminated with exit code 2. Build might be incomplete.
16:25:41 **** Incremental Build of configuration Debug for project test ****
make all 
'Building file: ../Pong-Embedded-C-main/Pong/LCDEngine/LCDEngine.c'
'Invoking: Arm C Compiler for Embedded 6'
armclang.exe --target=aarch64-arm-none-eabi -I"D:\tmp\ELEC5620M-Resources\Drivers" -O0 -g -mno-unaligned-access -MD -MP -c -o "Pong-Embedded-C-main/Pong/LCDEngine/LCDEngine.o" "../Pong-Embedded-C-main/Pong/LCDEngine/LCDEngine.c"
../Pong-Embedded-C-main/Pong/LCDEngine/LCDEngine.c:21:49: error: call to undeclared library function 'strlen' with type 'unsigned long (const char *)'; ISO C99 and later do not support implicit function declarations [-Wimplicit-function-declaration]
        for(current_character = 0; current_character < strlen(string); current_character++) {
                                                       ^
../Pong-Embedded-C-main/Pong/LCDEngine/LCDEngine.c:21:49: note: include the header <string.h> or explicitly provide a declaration for 'strlen'
1 error generated.
make: *** [Pong-Embedded-C-main/Pong/LCDEngine/subdir.mk:20: Pong-Embedded-C-main/Pong/LCDEngine/LCDEngine.o] Error 1
"make all" terminated with exit code 2. Build might be incomplete.
16:26:03 **** Incremental Build of configuration Debug for project test ****
make all 
'Building file: ../Pong-Embedded-C-main/Pong/LCDEngine/LCDEngine.c'
'Invoking: Arm C Compiler for Embedded 6'
armclang.exe --target=aarch64-arm-none-eabi -I"D:\tmp\ELEC5620M-Resources\Drivers" -O0 -g -mno-unaligned-access -MD -MP -c -o "Pong-Embedded-C-main/Pong/LCDEngine/LCDEngine.o" "../Pong-Embedded-C-main/Pong/LCDEngine/LCDEngine.c"
'Finished building: ../Pong-Embedded-C-main/Pong/LCDEngine/LCDEngine.c'
' '
'Building file: ../Pong-Embedded-C-main/Pong/Interrupts/Interrupts.c'
'Invoking: Arm C Compiler for Embedded 6'
armclang.exe --target=aarch64-arm-none-eabi -I"D:\tmp\ELEC5620M-Resources\Drivers" -O0 -g -mno-unaligned-access -MD -MP -c -o "Pong-Embedded-C-main/Pong/Interrupts/Interrupts.o" "../Pong-Embedded-C-main/Pong/Interrupts/Interrupts.c"
'Finished building: ../Pong-Embedded-C-main/Pong/Interrupts/Interrupts.c'
' '
'Building file: ../Pong-Embedded-C-main/Pong/Image/Pong.c'
'Invoking: Arm C Compiler for Embedded 6'
armclang.exe --target=aarch64-arm-none-eabi -I"D:\tmp\ELEC5620M-Resources\Drivers" -O0 -g -mno-unaligned-access -MD -MP -c -o "Pong-Embedded-C-main/Pong/Image/Pong.o" "../Pong-Embedded-C-main/Pong/Image/Pong.c"
'Finished building: ../Pong-Embedded-C-main/Pong/Image/Pong.c'
' '
'Building file: ../Pong-Embedded-C-main/Pong/GameEngine/GameEngine.c'
'Invoking: Arm C Compiler for Embedded 6'
armclang.exe --target=aarch64-arm-none-eabi -I"D:\tmp\ELEC5620M-Resources\Drivers" -O0 -g -mno-unaligned-access -MD -MP -c -o "Pong-Embedded-C-main/Pong/GameEngine/GameEngine.o" "../Pong-Embedded-C-main/Pong/GameEngine/GameEngine.c"
'Finished building: ../Pong-Embedded-C-main/Pong/GameEngine/GameEngine.c'
' '
'Building file: ../Pong-Embedded-C-main/Pong/main.c'
'Invoking: Arm C Compiler for Embedded 6'
armclang.exe --target=aarch64-arm-none-eabi -I"D:\tmp\ELEC5620M-Resources\Drivers" -O0 -g -mno-unaligned-access -MD -MP -c -o "Pong-Embedded-C-main/Pong/main.o" "../Pong-Embedded-C-main/Pong/main.c"
'Finished building: ../Pong-Embedded-C-main/Pong/main.c'
' '
'Building file: D:/tmp/ELEC5620M-Resources/Drivers/VFP_Enable/VFP_Enable.c'
'Invoking: Arm C Compiler for Embedded 6'
armclang.exe --target=aarch64-arm-none-eabi -I"D:\tmp\ELEC5620M-Resources\Drivers" -O0 -g -mno-unaligned-access -MD -MP -c -o "Drivers/VFP_Enable/VFP_Enable.o" "D:/tmp/ELEC5620M-Resources/Drivers/VFP_Enable/VFP_Enable.c"
'Finished building: D:/tmp/ELEC5620M-Resources/Drivers/VFP_Enable/VFP_Enable.c'
' '
'Building file: D:/tmp/ELEC5620M-Resources/Drivers/HPS_usleep/HPS_usleep.c'
'Invoking: Arm C Compiler for Embedded 6'
armclang.exe --target=aarch64-arm-none-eabi -I"D:\tmp\ELEC5620M-Resources\Drivers" -O0 -g -mno-unaligned-access -MD -MP -c -o "Drivers/HPS_usleep/HPS_usleep.o" "D:/tmp/ELEC5620M-Resources/Drivers/HPS_usleep/HPS_usleep.c"
'Finished building: D:/tmp/ELEC5620M-Resources/Drivers/HPS_usleep/HPS_usleep.c'
' '
'Building file: D:/tmp/ELEC5620M-Resources/Drivers/HPS_IRQ/HPS_IRQ.c'
'Invoking: Arm C Compiler for Embedded 6'
armclang.exe --target=aarch64-arm-none-eabi -I"D:\tmp\ELEC5620M-Resources\Drivers" -O0 -g -mno-unaligned-access -MD -MP -c -o "Drivers/HPS_IRQ/HPS_IRQ.o" "D:/tmp/ELEC5620M-Resources/Drivers/HPS_IRQ/HPS_IRQ.c"
D:/tmp/ELEC5620M-Resources/Drivers/HPS_IRQ/HPS_IRQ.c:89:7: error: expected '(' after 'asm'
__asm __attribute__((section("vector_table"))) void vector_table(void) {
      ^
D:/tmp/ELEC5620M-Resources/Drivers/HPS_IRQ/HPS_IRQ.c:89:6: error: expected ';' after top-level asm block
__asm __attribute__((section("vector_table"))) void vector_table(void) {
     ^
     ;
D:/tmp/ELEC5620M-Resources/Drivers/HPS_IRQ/HPS_IRQ.c:91:5: error: use of undeclared identifier 'PRESERVE8'
    PRESERVE8
    ^
D:/tmp/ELEC5620M-Resources/Drivers/HPS_IRQ/HPS_IRQ.c:94:12: error: type specifier missing, defaults to 'int'; ISO C99 and later do not support implicit int [-Wimplicit-int]
    extern __rt_entry          ; // C Standard Library entry point
    ~~~~~~ ^
    int
D:/tmp/ELEC5620M-Resources/Drivers/HPS_IRQ/HPS_IRQ.c:95:12: error: type specifier missing, defaults to 'int'; ISO C99 and later do not support implicit int [-Wimplicit-int]
    extern __irq_isr           ; // IRQ Interrupt Handler
    ~~~~~~ ^
    int
D:/tmp/ELEC5620M-Resources/Drivers/HPS_IRQ/HPS_IRQ.c:97:5: error: use of undeclared identifier 'LDR'
    LDR         PC,=__main     ; // 0x00 Reset
    ^
D:/tmp/ELEC5620M-Resources/Drivers/HPS_IRQ/HPS_IRQ.c:98:5: error: use of undeclared identifier 'LDR'
    LDR         PC,=__rt_entry ; // 0x04 Undefined Instructions
    ^
D:/tmp/ELEC5620M-Resources/Drivers/HPS_IRQ/HPS_IRQ.c:99:5: error: use of undeclared identifier 'DCD'
    DCD         0              ; // 0x08 Software Interrupts (SWI)
    ^
D:/tmp/ELEC5620M-Resources/Drivers/HPS_IRQ/HPS_IRQ.c:100:5: error: use of undeclared identifier 'DCD'
    DCD         0              ; // 0x0C Prefetch Abort
    ^
D:/tmp/ELEC5620M-Resources/Drivers/HPS_IRQ/HPS_IRQ.c:101:5: error: use of undeclared identifier 'DCD'
    DCD         0              ; // 0x10 Data Abort
    ^
D:/tmp/ELEC5620M-Resources/Drivers/HPS_IRQ/HPS_IRQ.c:102:5: error: use of undeclared identifier 'DCD'
    DCD         0              ; // 0x14 RESERVED
    ^
D:/tmp/ELEC5620M-Resources/Drivers/HPS_IRQ/HPS_IRQ.c:103:5: error: use of undeclared identifier 'LDR'
    LDR         PC,=__irq_isr  ; // 0x18 IRQ
    ^
D:/tmp/ELEC5620M-Resources/Drivers/HPS_IRQ/HPS_IRQ.c:104:5: error: use of undeclared identifier 'DCD'
    DCD         0              ; // 0x1C FIQ
    ^
D:/tmp/ELEC5620M-Resources/Drivers/HPS_IRQ/HPS_IRQ.c:114:1: error: unknown type name '__irq'
__irq void __irq_isr (void) {
^
D:/tmp/ELEC5620M-Resources/Drivers/HPS_IRQ/HPS_IRQ.c:146:7: error: expected '(' after 'asm'
__asm void HPS_IRQ_WriteStackPointer(unsigned int val) {
      ^
D:/tmp/ELEC5620M-Resources/Drivers/HPS_IRQ/HPS_IRQ.c:146:6: error: expected ';' after top-level asm block
__asm void HPS_IRQ_WriteStackPointer(unsigned int val) {
     ^
     ;
D:/tmp/ELEC5620M-Resources/Drivers/HPS_IRQ/HPS_IRQ.c:147:5: error: use of undeclared identifier 'MOV'
    MOV SP, r0
    ^
D:/tmp/ELEC5620M-Resources/Drivers/HPS_IRQ/HPS_IRQ.c:153:38: error: unknown register name 'cpsr' in asm
    register unsigned int cpsr __asm("cpsr");
                                     ^
D:/tmp/ELEC5620M-Resources/Drivers/HPS_IRQ/HPS_IRQ.c:162:43: error: unknown register name 'cp15:0:c12:c0:0' in asm
    register unsigned int cp15_VBAR __asm("cp15:0:c12:c0:0");
                                          ^
fatal error: too many errors emitted, stopping now [-ferror-limit=]
20 errors generated.
make: *** [Drivers/HPS_IRQ/subdir.mk:20: Drivers/HPS_IRQ/HPS_IRQ.o] Error 1
"make all" terminated with exit code 2. Build might be incomplete.
16:34:50 **** Incremental Build of configuration Debug for project test ****
make all 
'Building file: ../Pong-Embedded-C-main/Pong/Sound/Sound.c'
'Invoking: Arm C Compiler for Embedded 6'
armclang.exe --target=aarch64-arm-none-eabi -I"D:\tmp\ELEC5620M-Resources\Drivers" -O0 -g -mno-unaligned-access -MD -MP -c -o "Pong-Embedded-C-main/Pong/Sound/Sound.o" "../Pong-Embedded-C-main/Pong/Sound/Sound.c"
In file included from ../Pong-Embedded-C-main/Pong/Sound/Sound.c:12:
In file included from ../Pong-Embedded-C-main/Pong/Sound/Sound.h:14:
In file included from ../Pong-Embedded-C-main/Pong/Sound/../Interrupts/Interrupts.h:14:
In file included from D:\tmp\ELEC5620M-Resources\Drivers\HPS_IRQ/HPS_IRQ.h:85:
In file included from D:\tmp\ELEC5620M-Resources\Drivers\Util/error.h:67:
D:\tmp\ELEC5620M-Resources\Drivers\Util/enum_lookup.h:38:2: error: Unknown System
#error Unknown System
 ^
In file included from ../Pong-Embedded-C-main/Pong/Sound/Sound.c:12:
In file included from ../Pong-Embedded-C-main/Pong/Sound/Sound.h:14:
In file included from ../Pong-Embedded-C-main/Pong/Sound/../Interrupts/Interrupts.h:14:
D:\tmp\ELEC5620M-Resources\Drivers\HPS_IRQ/HPS_IRQ.h:103:17: warning: unknown attribute 'interrupt' ignored [-Wunknown-attributes]
typedef void (* __irq IsrHandlerFunc_t)(HPSIRQSource interruptID, void* param, bool* handled);
                ^~~~~
D:\tmp\ELEC5620M-Resources\Drivers\Util/irq_attr.h:25:32: note: expanded from macro '__irq'
#define __irq   __attribute__((interrupt("IRQ")))
                               ^~~~~~~~~~~~~~~~
../Pong-Embedded-C-main/Pong/Sound/Sound.c:33:31: error: too few arguments to function call, expected 3, have 2
    WM8731_clearFIFO(true,true);
    ~~~~~~~~~~~~~~~~          ^
D:\tmp\ELEC5620M-Resources\Drivers\DE1SoC_WM8731/DE1SoC_WM8731.h:55:10: note: 'WM8731_clearFIFO' declared here
HpsErr_t WM8731_clearFIFO( PWM8731Ctx_t ctx, bool adc, bool dac);
         ^
../Pong-Embedded-C-main/Pong/Sound/Sound.c:34:21: error: call to undeclared function 'WM8731_getFIFOSpacePtr'; ISO C99 and later do not support implicit function declarations [-Wimplicit-function-declaration]
    fifospace_ptr = WM8731_getFIFOSpacePtr();
                    ^
../Pong-Embedded-C-main/Pong/Sound/Sound.c:34:21: note: did you mean 'WM8731_getFIFOSpace'?
D:\tmp\ELEC5620M-Resources\Drivers\DE1SoC_WM8731/DE1SoC_WM8731.h:58:10: note: 'WM8731_getFIFOSpace' declared here
HpsErr_t WM8731_getFIFOSpace( PWM8731Ctx_t ctx, unsigned int* fifoSpace );
         ^
../Pong-Embedded-C-main/Pong/Sound/Sound.c:34:19: error: incompatible integer to pointer conversion assigning to 'volatile unsigned char *' from 'int' [-Wint-conversion]
    fifospace_ptr = WM8731_getFIFOSpacePtr();
                  ^ ~~~~~~~~~~~~~~~~~~~~~~~~
../Pong-Embedded-C-main/Pong/Sound/Sound.c:35:22: error: call to undeclared function 'WM8731_getLeftFIFOPtr'; ISO C99 and later do not support implicit function declarations [-Wimplicit-function-declaration]
    audio_left_ptr = WM8731_getLeftFIFOPtr();
                     ^
../Pong-Embedded-C-main/Pong/Sound/Sound.c:35:20: error: incompatible integer to pointer conversion assigning to 'volatile unsigned int *' from 'int' [-Wint-conversion]
    audio_left_ptr = WM8731_getLeftFIFOPtr();
                   ^ ~~~~~~~~~~~~~~~~~~~~~~~
../Pong-Embedded-C-main/Pong/Sound/Sound.c:36:23: error: call to undeclared function 'WM8731_getRightFIFOPtr'; ISO C99 and later do not support implicit function declarations [-Wimplicit-function-declaration]
    audio_right_ptr = WM8731_getRightFIFOPtr();
                      ^
../Pong-Embedded-C-main/Pong/Sound/Sound.c:36:21: error: incompatible integer to pointer conversion assigning to 'volatile unsigned int *' from 'int' [-Wint-conversion]
    audio_right_ptr = WM8731_getRightFIFOPtr();
                    ^ ~~~~~~~~~~~~~~~~~~~~~~~~
../Pong-Embedded-C-main/Pong/Sound/Sound.c:82:55: error: too few arguments to function call, expected 3, have 2
    HPS_IRQ_registerHandler(IRQ_TIMER_L4SP_0, timerISR);
    ~~~~~~~~~~~~~~~~~~~~~~~                           ^
D:\tmp\ELEC5620M-Resources\Drivers\HPS_IRQ/HPS_IRQ.h:170:10: note: 'HPS_IRQ_registerHandler' declared here
HpsErr_t HPS_IRQ_registerHandler(HPSIRQSource interruptID, IsrHandlerFunc_t handlerFunction, void* handlerParam);
         ^
1 warning and 9 errors generated.
make: *** [Pong-Embedded-C-main/Pong/Sound/subdir.mk:20: Pong-Embedded-C-main/Pong/Sound/Sound.o] Error 1
"make all" terminated with exit code 2. Build might be incomplete.
