C51 COMPILER V9.60.7.0   MAIN                                                              11/11/2023 13:22:11 PAGE 1   


C51 COMPILER V9.60.7.0, COMPILATION OF MODULE MAIN
OBJECT MODULE PLACED IN .\Objects\main.obj
COMPILER INVOKED BY: D:\Keil_v5\C51\BIN\C51.EXE main.c OPTIMIZE(8,SPEED) BROWSE DEBUG OBJECTEXTEND PRINT(.\Listings\main
                    -.lst) OBJECT(.\Objects\main.obj)

line level    source

   1          #include <REGX52.H>
   2          void Delay(int time)            //@12.000MHz
   3          {
   4   1              unsigned char i, j;
   5   1              while(time--){
   6   2                      i = 2;
   7   2                      j = 239;
   8   2                      do
   9   2                      {
  10   3                              while (--j);
  11   3                      } while (--i);
  12   2              }
  13   1      }
  14          
  15          unsigned char delight_num [10]= {0x3f, 0x06, 0x5b, 0x4f, 0x66, 0x6d, 0x7d, 0x07, 0x7f, 0x6f};
  16          
  17          void Led_numset(unsigned int led_num, unsigned int screen_num){
  18   1              switch(led_num)
  19   1              {
  20   2                      case 1: P2_2 = 1; P2_3 = 1; P2_4 = 1; break;
  21   2                      case 2: P2_2 = 1; P2_3 = 1; P2_4 = 0; break;
  22   2                      case 3: P2_2 = 1; P2_3 = 0; P2_4 = 1; break;
  23   2                      case 4: P2_2 = 1; P2_3 = 0; P2_4 = 0; break;
  24   2                      case 5: P2_2 = 0; P2_3 = 1; P2_4 = 1; break;
  25   2                      case 6: P2_2 = 0; P2_3 = 1; P2_4 = 0; break;
  26   2                      case 7: P2_2 = 0; P2_3 = 0; P2_4 = 1; break;
  27   2                      case 8: P2_2 = 0; P2_3 = 0; P2_4 = 0; break;
  28   2                      default:break;
  29   2              }
  30   1              P0=delight_num[screen_num];
  31   1              Delay(1);
  32   1              P0=0x00;
  33   1      }
  34          void Show_number(int* num){
  35   1              int i=1;
  36   1              for(i=1;i<9;i++){
  37   2                      Led_numset(i,num[i]);
  38   2              }
  39   1      }
  40          
  41          
  42          void main(){
  43   1              int j;
  44   1              int l=1000;
  45   1              unsigned int bignum = 999999999;
  46   1              unsigned int num2;
  47   1              int number[10] = {9,9,9,9,9,9,9,9,9,9};
  48   1              while(1){
  49   2                      
  50   2                      
  51   2                              
  52   2                              bignum--;
  53   2                              num2=bignum;
  54   2                              for(j=1;j<=9;j++){
C51 COMPILER V9.60.7.0   MAIN                                                              11/11/2023 13:22:11 PAGE 2   

  55   3                                      
  56   3                                      number[10-j]=num2%10;
  57   3                                      num2/=10;
  58   3                              }
  59   2                              while(l--){
  60   3                                      Show_number(number);
  61   3                              }
  62   2                              l=100;
  63   2                              
  64   2                      
  65   2              }
  66   1      }


MODULE INFORMATION:   STATIC OVERLAYABLE
   CODE SIZE        =    319    ----
   CONSTANT SIZE    =     20    ----
   XDATA SIZE       =   ----    ----
   PDATA SIZE       =   ----    ----
   DATA SIZE        =     10      26
   IDATA SIZE       =   ----    ----
   BIT SIZE         =   ----    ----
END OF MODULE INFORMATION.


C51 COMPILATION COMPLETE.  0 WARNING(S),  0 ERROR(S)
