(0000) 3000  0011000000000000 (   1)                 .ORIG x3000
(3000) 5020  0101000000100000 (   3)                 AND   R0 R0 #0
(3001) 5260  0101001001100000 (   4)                 AND   R1 R1 #0
(3002) 54A0  0101010010100000 (   5)                 AND   R2 R2 #0
(3003) 56E0  0101011011100000 (   6)                 AND   R3 R3 #0
(3004) 5920  0101100100100000 (   7)                 AND   R4 R4 #0
(3005) 5B60  0101101101100000 (   8)                 AND   R5 R5 #0
(3006) 5FE0  0101111111100000 (   9)                 AND   R7 R7 #0
(3007) 2C37  0010110000110111 (  10)                 LD    R6 RR6
(3008) 2A34  0010101000110100 (  12)                 LD    R5 ZDD
(3009) BA34  1011101000110100 (  13)                 STI   R5 KWORD
(300A) 2830  0010100000110000 (  15)                 LD    R4 A
(300B) B82E  1011100000101110 (  16)                 STI   R4 KBSR
(300C) 5260  0101001001100000 (  18) LOP             AND   R1 R1 #0
(300D) 1266  0001001001100110 (  19)                 ADD   R1 R1 #6
(300E) E01A  1110000000011010 (  20) LOOP            LEA   R0 ICS
(300F) F022  1111000000100010 (  21)                 TRAP  x22
(3010) 480E  0100100000001110 (  22)                 JSR   DELAY
(3011) 127F  0001001001111111 (  23)                 ADD   R1 R1 #-1
(3012) 03FB  0000001111111011 (  24)                 BRP   LOOP
(3013) E011  1110000000010001 (  25)                 LEA   R0 HC
(3014) F022  1111000000100010 (  26)                 TRAP  x22
(3015) 1266  0001001001100110 (  27)                 ADD   R1 R1 #6
(3016) E01A  1110000000011010 (  28) LOOP1           LEA   R0 ICS1
(3017) F022  1111000000100010 (  29)                 TRAP  x22
(3018) 4806  0100100000000110 (  30)                 JSR   DELAY
(3019) 127F  0001001001111111 (  31)                 ADD   R1 R1 #-1
(301A) 4804  0100100000000100 (  32)                 JSR   DELAY
(301B) 03FA  0000001111111010 (  33)                 BRP   LOOP1
(301C) E008  1110000000001000 (  34)                 LEA   R0 HC
(301D) F022  1111000000100010 (  35)                 TRAP  x22
(301E) 0FED  0000111111101101 (  36)                 BRNZP LOP
(301F) 3208  0011001000001000 (  38) DELAY           ST    R1 SaveR1
(3020) 2206  0010001000000110 (  39)                 LD    R1 COUNT
(3021) 127F  0001001001111111 (  40) REP             ADD   R1 R1 #-1
(3022) 03FE  0000001111111110 (  41)                 BRP   REP
(3023) 2204  0010001000000100 (  42)                 LD    R1 SaveR1
(3024) C1C0  1100000111000000 (  43)                 RET   
(3025) 000A  0000000000001010 (  44) HC              .FILL x000A
(3026) 0000  0000000000000000 (  44)                 .FILL x0000
(3027) 09C4  0000100111000100 (  45) COUNT           .FILL x09C4
(3028) 0000  0000000000000000 (  47) SaveR1          .FILL x0000
(3029) 0049  0000000001001001 (  47) ICS             .FILL x0049
(302A) 0043  0000000001000011 (  47)                 .FILL x0043
(302B) 0053  0000000001010011 (  47)                 .FILL x0053
(302C) 0020  0000000000100000 (  47)                 .FILL x0020
(302D) 0020  0000000000100000 (  47)                 .FILL x0020
(302E) 0020  0000000000100000 (  47)                 .FILL x0020
(302F) 0020  0000000000100000 (  47)                 .FILL x0020
(3030) 0000  0000000000000000 (  47)                 .FILL x0000
(3031) 0020  0000000000100000 (  48) ICS1            .FILL x0020
(3032) 0020  0000000000100000 (  48)                 .FILL x0020
(3033) 0020  0000000000100000 (  48)                 .FILL x0020
(3034) 0020  0000000000100000 (  48)                 .FILL x0020
(3035) 0049  0000000001001001 (  48)                 .FILL x0049
(3036) 0043  0000000001000011 (  48)                 .FILL x0043
(3037) 0053  0000000001010011 (  48)                 .FILL x0053
(3038) 0000  0000000000000000 (  48)                 .FILL x0000
(3039) FE02  1111111000000010 (  49) KBDR            .FILL xFE02
(303A) FE00  1111111000000000 (  50) KBSR            .FILL xFE00
(303B) 4000  0100000000000000 (  51) A               .FILL x4000
(303C) 09C4  0000100111000100 (  52) SIX             .FILL x09C4
(303D) 2000  0010000000000000 (  53) ZDD             .FILL x2000
(303E) 0180  0000000110000000 (  54) KWORD           .FILL x0180
(303F) 3000  0011000000000000 (  55) RR6             .FILL x3000
