(0000) 2000  0010000000000000 (   1)                 .ORIG x2000
(2000) 309C  0011000010011100 (   3)                 ST    R0 SAVER0
(2001) 329C  0011001010011100 (   4)                 ST    R1 SAVER1
(2002) 349C  0011010010011100 (   5)                 ST    R2 SAVER2
(2003) 369C  0011011010011100 (   6)                 ST    R3 SAVER3
(2004) 389C  0011100010011100 (   7)                 ST    R4 SAVER4
(2005) 3A9C  0011101010011100 (   8)                 ST    R5 SAVER5
(2006) 5260  0101001001100000 (  10)                 AND   R1 R1 #0
(2007) 329B  0011001010011011 (  11)                 ST    R1 LENGTH
(2008) A692  1010011010010010 (  13) LOOP0           LDI   R3 KBDR
(2009) 5260  0101001001100000 (  14)                 AND   R1 R1 #0
(200A) 127F  0001001001111111 (  15)                 ADD   R1 R1 #-1
(200B) B68D  1011011010001101 (  16)                 STI   R3 DDR
(200C) B28D  1011001010001101 (  17)                 STI   R1 DSR
(200D) 283A  0010100000111010 (  19)                 LD    R4 HUICHE
(200E) 18C4  0001100011000100 (  20)                 ADD   R4 R3 R4
(200F) 0410  0000010000010000 (  21)                 BRZ   NEXT
(2010) E238  1110001000111000 (  23)                 LEA   R1 SHUZU
(2011) 2491  0010010010010001 (  24)                 LD    R2 LENGTH
(2012) 1242  0001001001000010 (  25)                 ADD   R1 R1 R2
(2013) 7640  0111011001000000 (  26)                 STR   R3 R1 #0
(2014) 14A1  0001010010100001 (  27)                 ADD   R2 R2 #1
(2015) 348D  0011010010001101 (  28)                 ST    R2 LENGTH
(2016) 54A0  0101010010100000 (  29)                 AND   R2 R2 #0
(2017) B484  1011010010000100 (  31)                 STI   R2 KBSR
(2018) A682  1010011010000010 (  32)                 LDI   R3 KBDR
(2019) 96FF  1001011011111111 (  33)                 NOT   R3 R3
(201A) 16E1  0001011011100001 (  34)                 ADD   R3 R3 #1
(201B) 222B  0010001000101011 (  35)                 LD    R1 NKBSR
(201C) B27F  1011001001111111 (  36)                 STI   R1 KBSR
(201D) A87E  1010100001111110 (  38) LOOP3           LDI   R4 KBSR
(201E) 07FE  0000011111111110 (  39)                 BRZP  LOOP3
(201F) 0FE8  0000111111101000 (  40)                 BRNZP LOOP0
(2020) 56E0  0101011011100000 (  42) NEXT            AND   R3 R3 #0
(2021) 16EA  0001011011101010 (  43)                 ADD   R3 R3 #10
(2022) 5260  0101001001100000 (  44)                 AND   R1 R1 #0
(2023) 127F  0001001001111111 (  45)                 ADD   R1 R1 #-1
(2024) B674  1011011001110100 (  46)                 STI   R3 DDR
(2025) B274  1011001001110100 (  47)                 STI   R1 DSR
(2026) 54A0  0101010010100000 (  48)                 AND   R2 R2 #0
(2027) 14AA  0001010010101010 (  49)                 ADD   R2 R2 #10
(2028) 207A  0010000001111010 (  50) LOOP1           LD    R0 LENGTH
(2029) E81F  1110100000011111 (  51)                 LEA   R4 SHUZU
(202A) 6700  0110011100000000 (  52) LOOP2           LDR   R3 R4 #0
(202B) 5260  0101001001100000 (  53)                 AND   R1 R1 #0
(202C) 127F  0001001001111111 (  54)                 ADD   R1 R1 #-1
(202D) B66B  1011011001101011 (  55)                 STI   R3 DDR
(202E) B26B  1011001001101011 (  56)                 STI   R1 DSR
(202F) 1921  0001100100100001 (  57)                 ADD   R4 R4 #1
(2030) 103F  0001000000111111 (  58)                 ADD   R0 R0 #-1
(2031) 0BF8  0000101111111000 (  59)                 BRNP  LOOP2
(2032) 2A13  0010101000010011 (  61)                 LD    R5 SPACE
(2033) 5260  0101001001100000 (  62)                 AND   R1 R1 #0
(2034) 527F  0101001001111111 (  63)                 AND   R1 R1 #-1
(2035) BA63  1011101001100011 (  64)                 STI   R5 DDR
(2036) B263  1011001001100011 (  65)                 STI   R1 DSR
(2037) 14BF  0001010010111111 (  67)                 ADD   R2 R2 #-1
(2038) 03EF  0000001111101111 (  68)                 BRP   LOOP1
(2039) 5260  0101001001100000 (  69)                 AND   R1 R1 #0
(203A) 127F  0001001001111111 (  70)                 ADD   R1 R1 #-1
(203B) B260  1011001001100000 (  71)                 STI   R1 KBSR
(203C) 220A  0010001000001010 (  72)                 LD    R1 NKBSR
(203D) B25E  1011001001011110 (  73)                 STI   R1 KBSR
(203E) 205E  0010000001011110 (  75)                 LD    R0 SAVER0
(203F) 225E  0010001001011110 (  76)                 LD    R1 SAVER1
(2040) 245E  0010010001011110 (  77)                 LD    R2 SAVER2
(2041) 265E  0010011001011110 (  78)                 LD    R3 SAVER3
(2042) 285E  0010100001011110 (  79)                 LD    R4 SAVER4
(2043) 2A5E  0010101001011110 (  80)                 LD    R5 SAVER5
(2044) 8000  1000000000000000 (  81) OVER            RTI   
(2045) F025  1111000000100101 (  82)                 TRAP  x25
(2046) 000A  0000000000001010 (  83) SPACE           .FILL x000A
(2047) 7FFF  0111111111111111 (  84) NKBSR           .FILL x7FFF
(2048) FFF6  1111111111110110 (  85) HUICHE          .FILL xFFF6
(2049) 0000  0000000000000000 (  87) SHUZU           .FILL x0000
(204A) 0000  0000000000000000 (  87)                 .FILL x0000
(204B) 0000  0000000000000000 (  87)                 .FILL x0000
(204C) 0000  0000000000000000 (  87)                 .FILL x0000
(204D) 0000  0000000000000000 (  87)                 .FILL x0000
(204E) 0000  0000000000000000 (  87)                 .FILL x0000
(204F) 0000  0000000000000000 (  87)                 .FILL x0000
(2050) 0000  0000000000000000 (  87)                 .FILL x0000
(2051) 0000  0000000000000000 (  87)                 .FILL x0000
(2052) 0000  0000000000000000 (  87)                 .FILL x0000
(2053) 0000  0000000000000000 (  87)                 .FILL x0000
(2054) 0000  0000000000000000 (  87)                 .FILL x0000
(2055) 0000  0000000000000000 (  87)                 .FILL x0000
(2056) 0000  0000000000000000 (  87)                 .FILL x0000
(2057) 0000  0000000000000000 (  87)                 .FILL x0000
(2058) 0000  0000000000000000 (  87)                 .FILL x0000
(2059) 0000  0000000000000000 (  87)                 .FILL x0000
(205A) 0000  0000000000000000 (  87)                 .FILL x0000
(205B) 0000  0000000000000000 (  87)                 .FILL x0000
(205C) 0000  0000000000000000 (  87)                 .FILL x0000
(205D) 0000  0000000000000000 (  87)                 .FILL x0000
(205E) 0000  0000000000000000 (  87)                 .FILL x0000
(205F) 0000  0000000000000000 (  87)                 .FILL x0000
(2060) 0000  0000000000000000 (  87)                 .FILL x0000
(2061) 0000  0000000000000000 (  87)                 .FILL x0000
(2062) 0000  0000000000000000 (  87)                 .FILL x0000
(2063) 0000  0000000000000000 (  87)                 .FILL x0000
(2064) 0000  0000000000000000 (  87)                 .FILL x0000
(2065) 0000  0000000000000000 (  87)                 .FILL x0000
(2066) 0000  0000000000000000 (  87)                 .FILL x0000
(2067) 0000  0000000000000000 (  87)                 .FILL x0000
(2068) 0000  0000000000000000 (  87)                 .FILL x0000
(2069) 0000  0000000000000000 (  87)                 .FILL x0000
(206A) 0000  0000000000000000 (  87)                 .FILL x0000
(206B) 0000  0000000000000000 (  87)                 .FILL x0000
(206C) 0000  0000000000000000 (  87)                 .FILL x0000
(206D) 0000  0000000000000000 (  87)                 .FILL x0000
(206E) 0000  0000000000000000 (  87)                 .FILL x0000
(206F) 0000  0000000000000000 (  87)                 .FILL x0000
(2070) 0000  0000000000000000 (  87)                 .FILL x0000
(2071) 0000  0000000000000000 (  87)                 .FILL x0000
(2072) 0000  0000000000000000 (  87)                 .FILL x0000
(2073) 0000  0000000000000000 (  87)                 .FILL x0000
(2074) 0000  0000000000000000 (  87)                 .FILL x0000
(2075) 0000  0000000000000000 (  87)                 .FILL x0000
(2076) 0000  0000000000000000 (  87)                 .FILL x0000
(2077) 0000  0000000000000000 (  87)                 .FILL x0000
(2078) 0000  0000000000000000 (  87)                 .FILL x0000
(2079) 0000  0000000000000000 (  87)                 .FILL x0000
(207A) 0000  0000000000000000 (  87)                 .FILL x0000
(207B) 0000  0000000000000000 (  87)                 .FILL x0000
(207C) 0000  0000000000000000 (  87)                 .FILL x0000
(207D) 0000  0000000000000000 (  87)                 .FILL x0000
(207E) 0000  0000000000000000 (  87)                 .FILL x0000
(207F) 0000  0000000000000000 (  87)                 .FILL x0000
(2080) 0000  0000000000000000 (  87)                 .FILL x0000
(2081) 0000  0000000000000000 (  87)                 .FILL x0000
(2082) 0000  0000000000000000 (  87)                 .FILL x0000
(2083) 0000  0000000000000000 (  87)                 .FILL x0000
(2084) 0000  0000000000000000 (  87)                 .FILL x0000
(2085) 0000  0000000000000000 (  87)                 .FILL x0000
(2086) 0000  0000000000000000 (  87)                 .FILL x0000
(2087) 0000  0000000000000000 (  87)                 .FILL x0000
(2088) 0000  0000000000000000 (  87)                 .FILL x0000
(2089) 0000  0000000000000000 (  87)                 .FILL x0000
(208A) 0000  0000000000000000 (  87)                 .FILL x0000
(208B) 0000  0000000000000000 (  87)                 .FILL x0000
(208C) 0000  0000000000000000 (  87)                 .FILL x0000
(208D) 0000  0000000000000000 (  87)                 .FILL x0000
(208E) 0000  0000000000000000 (  87)                 .FILL x0000
(208F) 0000  0000000000000000 (  87)                 .FILL x0000
(2090) 0000  0000000000000000 (  87)                 .FILL x0000
(2091) 0000  0000000000000000 (  87)                 .FILL x0000
(2092) 0000  0000000000000000 (  87)                 .FILL x0000
(2093) 0000  0000000000000000 (  87)                 .FILL x0000
(2094) 0000  0000000000000000 (  87)                 .FILL x0000
(2095) 0000  0000000000000000 (  87)                 .FILL x0000
(2096) 0000  0000000000000000 (  87)                 .FILL x0000
(2097) 0000  0000000000000000 (  87)                 .FILL x0000
(2098) 0000  0000000000000000 (  87)                 .FILL x0000
(2099) FE06  1111111000000110 (  87) DDR             .FILL xFE06
(209A) FE04  1111111000000100 (  88) DSR             .FILL xFE04
(209B) FE02  1111111000000010 (  89) KBDR            .FILL xFE02
(209C) FE00  1111111000000000 (  90) KBSR            .FILL xFE00
(209D) 0000  0000000000000000 (  91) SAVER0          .FILL x0000
(209E) 0000  0000000000000000 (  92) SAVER1          .FILL x0000
(209F) 0000  0000000000000000 (  93) SAVER2          .FILL x0000
(20A0) 0000  0000000000000000 (  94) SAVER3          .FILL x0000
(20A1) 0000  0000000000000000 (  95) SAVER4          .FILL x0000
(20A2) 0000  0000000000000000 (  96) SAVER5          .FILL x0000
(20A3) 0000  0000000000000000 (  97) LENGTH          .FILL x0000
